Using pre-set license
Built from '2020.2/release' branch; Version is '2020.2.2f1 (068178b99f32) revision 426360'; Using compiler version '192528614'; Build Type 'Release'
OS: 'Windows 10 Education; OS build 18363.1500; Version 1909; 64bit' Language: 'en' Physical Memory: 16299 MB
BatchMode: 1, IsHumanControllingUs: 0, StartBugReporterOnCrash: 0, Is64bit: 1, IsPro: 0

 COMMAND LINE ARGUMENTS:
D:\Unity\2020.2.2f1\Editor\Unity.exe
-adb2
-batchMode
-noUpm
-name
AssetImportWorker0
-projectPath
D:/Unity/Projects/GlitchGarden/GlitchGarden
-logFile
Logs/AssetImportWorker0.log
-srvPort
50392
Successfully changed project path to: D:/Unity/Projects/GlitchGarden/GlitchGarden
D:/Unity/Projects/GlitchGarden/GlitchGarden
Using Asset Import Pipeline V2.
Refreshing native plugins compatible for Editor in 29.60 ms, found 1 plugins.
Preloading 0 native plugins for Editor in 0.00 ms.
Initialize engine version: 2020.2.2f1 (068178b99f32)
[Subsystems] Discovering subsystems at path D:/Unity/2020.2.2f1/Editor/Data/Resources/UnitySubsystems
[Subsystems] Discovering subsystems at path D:/Unity/Projects/GlitchGarden/GlitchGarden/Assets
GfxDevice: creating device client; threaded=0
Direct3D:
    Version:  Direct3D 11.0 [level 11.1]
    Renderer: Radeon RX 580 Series (ID=0x67df)
    Vendor:   
    VRAM:     8171 MB
    Driver:   27.20.14501.18003
Initialize mono
Mono path[0] = 'D:/Unity/2020.2.2f1/Editor/Data/Managed'
Mono path[1] = 'D:/Unity/2020.2.2f1/Editor/Data/MonoBleedingEdge/lib/mono/unityjit'
Mono config path = 'D:/Unity/2020.2.2f1/Editor/Data/MonoBleedingEdge/etc'
Using monoOptions --debugger-agent=transport=dt_socket,embedding=1,server=y,suspend=n,address=127.0.0.1:56464
Begin MonoManager ReloadAssembly
Registering precompiled unity dll's ...
Register platform support module: D:/Unity/2020.2.2f1/Editor/Data/PlaybackEngines/WindowsStandaloneSupport/UnityEditor.WindowsStandalone.Extensions.dll
Registered in 0.000804 seconds.
Native extension for WindowsStandalone target not found
Refreshing native plugins compatible for Editor in 28.83 ms, found 1 plugins.
Preloading 0 native plugins for Editor in 0.00 ms.
Invoked RoslynAnalysisRunner static constructor.
RoslynAnalysisRunner will not be running.
RoslynAnalysisRunner has terminated.
Mono: successfully reloaded assembly
- Completed reload, in  0.692 seconds
Platform modules already initialized, skipping
Registering precompiled user dll's ...
Registered in 0.000548 seconds.
Begin MonoManager ReloadAssembly
Native extension for WindowsStandalone target not found
Refreshing native plugins compatible for Editor in 29.53 ms, found 1 plugins.
Preloading 0 native plugins for Editor in 0.00 ms.
Invoked RoslynAnalysisRunner static constructor.
RoslynAnalysisRunner will not be running.
RoslynAnalysisRunner has terminated.
Mono: successfully reloaded assembly
- Completed reload, in  0.715 seconds
Platform modules already initialized, skipping
========================================================================
Worker process is ready to serve import requests
Launched and connected shader compiler UnityShaderCompiler.exe after 0.04 seconds
Refreshing native plugins compatible for Editor in 0.28 ms, found 1 plugins.
Preloading 0 native plugins for Editor in 0.00 ms.
Unloading 1802 Unused Serialized files (Serialized files now loaded: 0)
System memory in use before: 84.7 MB.
System memory in use after: 84.7 MB.

Unloading 24 unused Assets to reduce memory usage. Loaded Objects now: 2246.
Total: 1.687300 ms (FindLiveObjects: 0.172500 ms CreateObjectMapping: 0.109800 ms MarkObjects: 1.299000 ms  DeleteObjects: 0.105100 ms)

========================================================================
Received Import Request.
  path: Assets/Animations/Defenders/Trophy.anim
  artifactKey: Guid(6dfedc997b39baf41845c54b1a0767c6) Importer(815301076,1909f56bfc062723c751e8b465ee728b)
Start importing Assets/Animations/Defenders/Trophy.anim using Guid(6dfedc997b39baf41845c54b1a0767c6) Importer(815301076,1909f56bfc062723c751e8b465ee728b)  -> (artifact id: '7010534fcd8425f75dfc1444d26f7cba') in 0.047422 seconds
  Import took 0.049726 seconds .

========================================================================
Received Import Request.
  Time since last request: 4.493283 seconds.
  path: Assets/Animations/Defenders/Cactus.controller
  artifactKey: Guid(0595ec25c9b6e7745be451693daf1ef2) Importer(815301076,1909f56bfc062723c751e8b465ee728b)
Start importing Assets/Animations/Defenders/Cactus.controller using Guid(0595ec25c9b6e7745be451693daf1ef2) Importer(815301076,1909f56bfc062723c751e8b465ee728b)  -> (artifact id: 'efa39c038fea202faa6643ddbbbe1228') in 0.008559 seconds
  Import took 0.010868 seconds .

========================================================================
Received Import Request.
  Time since last request: 79.155170 seconds.
  path: Assets/Animations/Defenders/Cactus.controller
  artifactKey: Guid(0595ec25c9b6e7745be451693daf1ef2) Importer(815301076,1909f56bfc062723c751e8b465ee728b)
Start importing Assets/Animations/Defenders/Cactus.controller using Guid(0595ec25c9b6e7745be451693daf1ef2) Importer(815301076,1909f56bfc062723c751e8b465ee728b)  -> (artifact id: 'de74072ecd7d11457ea6d265a31383fe') in 0.002355 seconds
  Import took 0.004625 seconds .

========================================================================
Received Import Request.
  Time since last request: 34.251289 seconds.
  path: Assets/Animations/Defenders/Cactus.controller
  artifactKey: Guid(0595ec25c9b6e7745be451693daf1ef2) Importer(815301076,1909f56bfc062723c751e8b465ee728b)
Start importing Assets/Animations/Defenders/Cactus.controller using Guid(0595ec25c9b6e7745be451693daf1ef2) Importer(815301076,1909f56bfc062723c751e8b465ee728b)  -> (artifact id: '7609da4ce3da264f78a89cfbcbb718c2') in 0.002415 seconds
  Import took 0.004692 seconds .

========================================================================
Received Import Request.
  Time since last request: 72.521903 seconds.
  path: Assets/Animations/Defenders/Cactus.controller
  artifactKey: Guid(0595ec25c9b6e7745be451693daf1ef2) Importer(815301076,1909f56bfc062723c751e8b465ee728b)
Start importing Assets/Animations/Defenders/Cactus.controller using Guid(0595ec25c9b6e7745be451693daf1ef2) Importer(815301076,1909f56bfc062723c751e8b465ee728b)  -> (artifact id: '05af5bc27b98e0d8d0a2abc0854f13a2') in 0.002369 seconds
  Import took 0.006900 seconds .

========================================================================
Received Import Request.
  Time since last request: 60.611559 seconds.
  path: Assets/Scripts/Shooter.cs
  artifactKey: Guid(8d3b4931fef96d447b196f700f0d98c3) Importer(815301076,1909f56bfc062723c751e8b465ee728b)
Start importing Assets/Scripts/Shooter.cs using Guid(8d3b4931fef96d447b196f700f0d98c3) Importer(815301076,1909f56bfc062723c751e8b465ee728b)  -> (artifact id: '4ba2290c4ad61b7f86e613ba76e59944') in 0.014450 seconds
  Import took 0.016640 seconds .

========================================================================
Received Prepare
Registering precompiled user dll's ...
Registered in 0.000548 seconds.
Begin MonoManager ReloadAssembly
Native extension for WindowsStandalone target not found
Refreshing native plugins compatible for Editor in 0.27 ms, found 1 plugins.
Preloading 0 native plugins for Editor in 0.00 ms.
Invoked RoslynAnalysisRunner static constructor.
RoslynAnalysisRunner will not be running.
RoslynAnalysisRunner has terminated.
Mono: successfully reloaded assembly
- Completed reload, in  0.635 seconds
Platform modules already initialized, skipping
Refreshing native plugins compatible for Editor in 0.27 ms, found 1 plugins.
Preloading 0 native plugins for Editor in 0.00 ms.
Unloading 1797 Unused Serialized files (Serialized files now loaded: 0)
System memory in use before: 84.9 MB.
System memory in use after: 84.9 MB.

Unloading 12 unused Assets to reduce memory usage. Loaded Objects now: 2249.
Total: 1.570700 ms (FindLiveObjects: 0.146900 ms CreateObjectMapping: 0.064900 ms MarkObjects: 1.276600 ms  DeleteObjects: 0.079300 ms)

========================================================================
Received Prepare
Registering precompiled user dll's ...
Registered in 0.000572 seconds.
Begin MonoManager ReloadAssembly
Native extension for WindowsStandalone target not found
Refreshing native plugins compatible for Editor in 0.27 ms, found 1 plugins.
Preloading 0 native plugins for Editor in 0.00 ms.
Invoked RoslynAnalysisRunner static constructor.
RoslynAnalysisRunner will not be running.
RoslynAnalysisRunner has terminated.
Mono: successfully reloaded assembly
- Completed reload, in  0.632 seconds
Platform modules already initialized, skipping
Refreshing native plugins compatible for Editor in 0.26 ms, found 1 plugins.
Preloading 0 native plugins for Editor in 0.00 ms.
Unloading 1797 Unused Serialized files (Serialized files now loaded: 0)
System memory in use before: 85.1 MB.
System memory in use after: 85.1 MB.

Unloading 12 unused Assets to reduce memory usage. Loaded Objects now: 2252.
Total: 1.607200 ms (FindLiveObjects: 0.154500 ms CreateObjectMapping: 0.063700 ms MarkObjects: 1.310200 ms  DeleteObjects: 0.078100 ms)

========================================================================
Received Prepare
Registering precompiled user dll's ...
Registered in 0.000579 seconds.
Begin MonoManager ReloadAssembly
Native extension for WindowsStandalone target not found
Refreshing native plugins compatible for Editor in 0.27 ms, found 1 plugins.
Preloading 0 native plugins for Editor in 0.00 ms.
Invoked RoslynAnalysisRunner static constructor.
RoslynAnalysisRunner will not be running.
RoslynAnalysisRunner has terminated.
Mono: successfully reloaded assembly
- Completed reload, in  0.634 seconds
Platform modules already initialized, skipping
Refreshing native plugins compatible for Editor in 0.27 ms, found 1 plugins.
Preloading 0 native plugins for Editor in 0.00 ms.
Unloading 1797 Unused Serialized files (Serialized files now loaded: 0)
System memory in use before: 85.3 MB.
System memory in use after: 85.3 MB.

Unloading 12 unused Assets to reduce memory usage. Loaded Objects now: 2255.
Total: 1.549400 ms (FindLiveObjects: 0.148200 ms CreateObjectMapping: 0.057500 ms MarkObjects: 1.262300 ms  DeleteObjects: 0.080500 ms)

========================================================================
Received Import Request.
  Time since last request: 252.216266 seconds.
  path: Assets/Animations/Defenders/Cactus Idle.anim
  artifactKey: Guid(91af997243dafee49b2529e08ebe3a08) Importer(815301076,1909f56bfc062723c751e8b465ee728b)
Start importing Assets/Animations/Defenders/Cactus Idle.anim using Guid(91af997243dafee49b2529e08ebe3a08) Importer(815301076,1909f56bfc062723c751e8b465ee728b)  -> (artifact id: 'de5988856408c11af37b29b4195e43c6') in 0.014458 seconds
  Import took 0.016728 seconds .

========================================================================
Received Import Request.
  Time since last request: 8.830296 seconds.
  path: Assets/Animations/Defenders/Cactus.controller
  artifactKey: Guid(0595ec25c9b6e7745be451693daf1ef2) Importer(815301076,1909f56bfc062723c751e8b465ee728b)
Start importing Assets/Animations/Defenders/Cactus.controller using Guid(0595ec25c9b6e7745be451693daf1ef2) Importer(815301076,1909f56bfc062723c751e8b465ee728b)  -> (artifact id: '1ce710e578d3394a4288a5800deb0421') in 0.003014 seconds
  Import took 0.005433 seconds .

========================================================================
Received Import Request.
  Time since last request: 0.000438 seconds.
  path: Assets/Animations/Defenders/Cactus.controller
  artifactKey: Guid(0595ec25c9b6e7745be451693daf1ef2) Importer(815301076,1909f56bfc062723c751e8b465ee728b)
Start importing Assets/Animations/Defenders/Cactus.controller using Guid(0595ec25c9b6e7745be451693daf1ef2) Importer(815301076,1909f56bfc062723c751e8b465ee728b)  -> (artifact id: '1ce710e578d3394a4288a5800deb0421') in 0.002748 seconds
  Import took 0.004951 seconds .

========================================================================
Received Prepare
Registering precompiled user dll's ...
Registered in 0.000550 seconds.
Begin MonoManager ReloadAssembly
Native extension for WindowsStandalone target not found
Refreshing native plugins compatible for Editor in 0.27 ms, found 1 plugins.
Preloading 0 native plugins for Editor in 0.00 ms.
Invoked RoslynAnalysisRunner static constructor.
RoslynAnalysisRunner will not be running.
RoslynAnalysisRunner has terminated.
Mono: successfully reloaded assembly
- Completed reload, in  0.634 seconds
Platform modules already initialized, skipping
Refreshing native plugins compatible for Editor in 0.26 ms, found 1 plugins.
Preloading 0 native plugins for Editor in 0.00 ms.
Unloading 1797 Unused Serialized files (Serialized files now loaded: 0)
System memory in use before: 85.4 MB.
System memory in use after: 85.4 MB.

Unloading 12 unused Assets to reduce memory usage. Loaded Objects now: 2258.
Total: 1.483200 ms (FindLiveObjects: 0.122400 ms CreateObjectMapping: 0.050700 ms MarkObjects: 1.234400 ms  DeleteObjects: 0.075200 ms)

========================================================================
Received Prepare
Registering precompiled user dll's ...
Registered in 0.000581 seconds.
Begin MonoManager ReloadAssembly
Native extension for WindowsStandalone target not found
Refreshing native plugins compatible for Editor in 0.28 ms, found 1 plugins.
Preloading 0 native plugins for Editor in 0.00 ms.
Invoked RoslynAnalysisRunner static constructor.
RoslynAnalysisRunner will not be running.
RoslynAnalysisRunner has terminated.
Mono: successfully reloaded assembly
- Completed reload, in  0.648 seconds
Platform modules already initialized, skipping
Refreshing native plugins compatible for Editor in 0.28 ms, found 1 plugins.
Preloading 0 native plugins for Editor in 0.00 ms.
Unloading 1797 Unused Serialized files (Serialized files now loaded: 0)
System memory in use before: 85.6 MB.
System memory in use after: 85.6 MB.

Unloading 12 unused Assets to reduce memory usage. Loaded Objects now: 2261.
Total: 1.572000 ms (FindLiveObjects: 0.133000 ms CreateObjectMapping: 0.055400 ms MarkObjects: 1.296800 ms  DeleteObjects: 0.086000 ms)

========================================================================
Received Prepare
Registering precompiled user dll's ...
Registered in 0.000763 seconds.
Begin MonoManager ReloadAssembly
Native extension for WindowsStandalone target not found
Refreshing native plugins compatible for Editor in 0.27 ms, found 1 plugins.
Preloading 0 native plugins for Editor in 0.00 ms.
Invoked RoslynAnalysisRunner static constructor.
RoslynAnalysisRunner will not be running.
RoslynAnalysisRunner has terminated.
Mono: successfully reloaded assembly
- Completed reload, in  0.643 seconds
Platform modules already initialized, skipping
Refreshing native plugins compatible for Editor in 0.26 ms, found 1 plugins.
Preloading 0 native plugins for Editor in 0.00 ms.
Unloading 1797 Unused Serialized files (Serialized files now loaded: 0)
System memory in use before: 85.6 MB.
System memory in use after: 85.6 MB.

Unloading 12 unused Assets to reduce memory usage. Loaded Objects now: 2264.
Total: 1.634900 ms (FindLiveObjects: 0.161800 ms CreateObjectMapping: 0.059500 ms MarkObjects: 1.333300 ms  DeleteObjects: 0.079600 ms)

========================================================================
Received Import Request.
  Time since last request: 229.755786 seconds.
  path: Assets/Prefabs/Trophy.prefab
  artifactKey: Guid(c1b4210f398e33045819af90b39c52a6) Importer(815301076,1909f56bfc062723c751e8b465ee728b)
Start importing Assets/Prefabs/Trophy.prefab using Guid(c1b4210f398e33045819af90b39c52a6) Importer(815301076,1909f56bfc062723c751e8b465ee728b)  -> (artifact id: '68495b353677e12e3ce6aa6116677246') in 0.069177 seconds
  Import took 0.071603 seconds .

========================================================================
Received Import Request.
  Time since last request: 3.130438 seconds.
  path: Assets/Prefabs/Trophy.prefab
  artifactKey: Guid(c1b4210f398e33045819af90b39c52a6) Importer(815301076,1909f56bfc062723c751e8b465ee728b)
Start importing Assets/Prefabs/Trophy.prefab using Guid(c1b4210f398e33045819af90b39c52a6) Importer(815301076,1909f56bfc062723c751e8b465ee728b)  -> (artifact id: 'd401479a2103f13b842173bfa16563b0') in 0.007569 seconds
  Import took 0.010220 seconds .

========================================================================
Received Import Request.
  Time since last request: 0.001642 seconds.
  path: Assets/Prefabs/Trophy.prefab
  artifactKey: Guid(c1b4210f398e33045819af90b39c52a6) Importer(815301076,1909f56bfc062723c751e8b465ee728b)
Start importing Assets/Prefabs/Trophy.prefab using Guid(c1b4210f398e33045819af90b39c52a6) Importer(815301076,1909f56bfc062723c751e8b465ee728b)  -> (artifact id: 'd401479a2103f13b842173bfa16563b0') in 0.006936 seconds
  Import took 0.009590 seconds .

========================================================================
Received Import Request.
  Time since last request: 14.104236 seconds.
  path: Assets/Prefabs/Cactus.prefab
  artifactKey: Guid(b7e750cc0aa9fdd4fb9cfeda58f8174d) Importer(815301076,1909f56bfc062723c751e8b465ee728b)
Start importing Assets/Prefabs/Cactus.prefab using Guid(b7e750cc0aa9fdd4fb9cfeda58f8174d) Importer(815301076,1909f56bfc062723c751e8b465ee728b) Controller 'Cactus': Transition '' in state 'Cactus Idle' uses parameter '' which does not exist in controller.
UnityEngine.StackTraceUtility:ExtractStackTrace ()
UnityEditor.EditorUtility:Internal_InstantiateRemoveAllNonAnimationComponentsSingle (UnityEngine.Object,UnityEngine.Vector3,UnityEngine.Quaternion)
UnityEditor.EditorUtility:InstantiateRemoveAllNonAnimationComponents (UnityEngine.Object,UnityEngine.Vector3,UnityEngine.Quaternion)
UnityEditor.EditorUtility:InstantiateForAnimatorPreview (UnityEngine.Object)
UnityEditor.GameObjectInspector/PreviewData:UpdateGameObject (UnityEngine.Object)
UnityEditor.GameObjectInspector/PreviewData:.ctor (UnityEngine.Object)
UnityEditor.GameObjectInspector:GetPreviewData ()
UnityEditor.GameObjectInspector:RenderStaticPreview (string,UnityEngine.Object[],int,int)
UnityEditor.AssetPreviewUpdater:CreatePreviewForAsset (UnityEngine.Object,UnityEngine.Object[],string)

[C:\buildslave\unity\build\Modules\Animation\AnimatorController.cpp line 871]

 -> (artifact id: '9964b1d53f0f0bc1197c1bcf78562d8a') in 0.023457 seconds
  Import took 0.026310 seconds .

========================================================================
Received Import Request.
  Time since last request: 14.047428 seconds.
  path: Assets/Animations/Defenders/Cactus.controller
  artifactKey: Guid(0595ec25c9b6e7745be451693daf1ef2) Importer(815301076,1909f56bfc062723c751e8b465ee728b)
Start importing Assets/Animations/Defenders/Cactus.controller using Guid(0595ec25c9b6e7745be451693daf1ef2) Importer(815301076,1909f56bfc062723c751e8b465ee728b)  -> (artifact id: '0aa3e351b46333edbc8e9ad11d247556') in 0.002869 seconds
  Import took 0.005245 seconds .

========================================================================
Received Import Request.
  Time since last request: 64.543404 seconds.
  path: Assets/Animations/Defenders/Cactus.controller
  artifactKey: Guid(0595ec25c9b6e7745be451693daf1ef2) Importer(815301076,1909f56bfc062723c751e8b465ee728b)
Start importing Assets/Animations/Defenders/Cactus.controller using Guid(0595ec25c9b6e7745be451693daf1ef2) Importer(815301076,1909f56bfc062723c751e8b465ee728b)  -> (artifact id: '5ae452c0f7effb1897e1a050cb694c17') in 0.002512 seconds
  Import took 0.005021 seconds .

========================================================================
Received Import Request.
  Time since last request: 19.228892 seconds.
  path: Assets/Animations/Defenders/Cactus Idle.anim
  artifactKey: Guid(91af997243dafee49b2529e08ebe3a08) Importer(815301076,1909f56bfc062723c751e8b465ee728b)
Start importing Assets/Animations/Defenders/Cactus Idle.anim using Guid(91af997243dafee49b2529e08ebe3a08) Importer(815301076,1909f56bfc062723c751e8b465ee728b)  -> (artifact id: 'b832187b37c71ca83826dca845a6c174') in 0.006103 seconds
  Import took 0.008521 seconds .

========================================================================
Received Import Request.
  Time since last request: 0.001776 seconds.
  path: Assets/Animations/Defenders/Cactus Idle.anim
  artifactKey: Guid(91af997243dafee49b2529e08ebe3a08) Importer(815301076,1909f56bfc062723c751e8b465ee728b)
Start importing Assets/Animations/Defenders/Cactus Idle.anim using Guid(91af997243dafee49b2529e08ebe3a08) Importer(815301076,1909f56bfc062723c751e8b465ee728b)  -> (artifact id: 'b832187b37c71ca83826dca845a6c174') in 0.001708 seconds
  Import took 0.003881 seconds .

========================================================================
Received Import Request.
  Time since last request: 0.354965 seconds.
  path: Assets/Animations/Defenders/Cactus Fire.anim
  artifactKey: Guid(6db0d359804f37a47a2273d32203e920) Importer(815301076,1909f56bfc062723c751e8b465ee728b)
Start importing Assets/Animations/Defenders/Cactus Fire.anim using Guid(6db0d359804f37a47a2273d32203e920) Importer(815301076,1909f56bfc062723c751e8b465ee728b)  -> (artifact id: 'c361d2136672b255441ad6a527d9df61') in 0.006313 seconds
  Import took 0.009061 seconds .

========================================================================
Received Prepare
Registering precompiled user dll's ...
Registered in 0.000554 seconds.
Begin MonoManager ReloadAssembly
Native extension for WindowsStandalone target not found
Refreshing native plugins compatible for Editor in 0.27 ms, found 1 plugins.
Preloading 0 native plugins for Editor in 0.00 ms.
Invoked RoslynAnalysisRunner static constructor.
RoslynAnalysisRunner will not be running.
RoslynAnalysisRunner has terminated.
Mono: successfully reloaded assembly
- Completed reload, in  0.626 seconds
Platform modules already initialized, skipping
Refreshing native plugins compatible for Editor in 0.31 ms, found 1 plugins.
Preloading 0 native plugins for Editor in 0.00 ms.
Unloading 1797 Unused Serialized files (Serialized files now loaded: 0)
System memory in use before: 89.2 MB.
System memory in use after: 89.2 MB.

Unloading 12 unused Assets to reduce memory usage. Loaded Objects now: 2274.
Total: 1.523100 ms (FindLiveObjects: 0.131500 ms CreateObjectMapping: 0.054900 ms MarkObjects: 1.264200 ms  DeleteObjects: 0.071900 ms)

========================================================================
Received Prepare
Registering precompiled user dll's ...
Registered in 0.000573 seconds.
Begin MonoManager ReloadAssembly
Native extension for WindowsStandalone target not found
Refreshing native plugins compatible for Editor in 0.27 ms, found 1 plugins.
Preloading 0 native plugins for Editor in 0.00 ms.
Invoked RoslynAnalysisRunner static constructor.
RoslynAnalysisRunner will not be running.
RoslynAnalysisRunner has terminated.
Mono: successfully reloaded assembly
- Completed reload, in  0.627 seconds
Platform modules already initialized, skipping
Refreshing native plugins compatible for Editor in 0.26 ms, found 1 plugins.
Preloading 0 native plugins for Editor in 0.00 ms.
Unloading 1797 Unused Serialized files (Serialized files now loaded: 0)
System memory in use before: 89.4 MB.
System memory in use after: 89.4 MB.

Unloading 12 unused Assets to reduce memory usage. Loaded Objects now: 2277.
Total: 1.555200 ms (FindLiveObjects: 0.132900 ms CreateObjectMapping: 0.050800 ms MarkObjects: 1.286800 ms  DeleteObjects: 0.083900 ms)

========================================================================
Received Import Request.
  Time since last request: 275.364649 seconds.
  path: Assets/Prefabs/Cactus.prefab
  artifactKey: Guid(b7e750cc0aa9fdd4fb9cfeda58f8174d) Importer(815301076,1909f56bfc062723c751e8b465ee728b)
Start importing Assets/Prefabs/Cactus.prefab using Guid(b7e750cc0aa9fdd4fb9cfeda58f8174d) Importer(815301076,1909f56bfc062723c751e8b465ee728b)  -> (artifact id: 'af1cf7cd5fafef4fdb3ecc49048d1148') in 0.051629 seconds
  Import took 0.054289 seconds .

========================================================================
Received Import Request.
  Time since last request: 60.462716 seconds.
  path: Assets/Prefabs/Cactus.prefab
  artifactKey: Guid(b7e750cc0aa9fdd4fb9cfeda58f8174d) Importer(815301076,1909f56bfc062723c751e8b465ee728b)
Start importing Assets/Prefabs/Cactus.prefab using Guid(b7e750cc0aa9fdd4fb9cfeda58f8174d) Importer(815301076,1909f56bfc062723c751e8b465ee728b)  -> (artifact id: 'f3e42775a8c27e2b4595e1a0d5ee699d') in 0.015260 seconds
  Import took 0.017968 seconds .

========================================================================
Received Prepare
Registering precompiled user dll's ...
Registered in 0.000581 seconds.
Begin MonoManager ReloadAssembly
Native extension for WindowsStandalone target not found
Refreshing native plugins compatible for Editor in 0.27 ms, found 1 plugins.
Preloading 0 native plugins for Editor in 0.00 ms.
Invoked RoslynAnalysisRunner static constructor.
RoslynAnalysisRunner will not be running.
RoslynAnalysisRunner has terminated.
Mono: successfully reloaded assembly
- Completed reload, in  0.639 seconds
Platform modules already initialized, skipping
Refreshing native plugins compatible for Editor in 0.26 ms, found 1 plugins.
Preloading 0 native plugins for Editor in 0.00 ms.
Unloading 1797 Unused Serialized files (Serialized files now loaded: 0)
System memory in use before: 89.6 MB.
System memory in use after: 89.6 MB.

Unloading 12 unused Assets to reduce memory usage. Loaded Objects now: 2281.
Total: 1.521700 ms (FindLiveObjects: 0.125200 ms CreateObjectMapping: 0.050000 ms MarkObjects: 1.270500 ms  DeleteObjects: 0.075100 ms)

========================================================================
Received Import Request.
  Time since last request: 89.155233 seconds.
  path: Assets/Prefabs/Trophy.prefab
  artifactKey: Guid(c1b4210f398e33045819af90b39c52a6) Importer(815301076,1909f56bfc062723c751e8b465ee728b)
Start importing Assets/Prefabs/Trophy.prefab using Guid(c1b4210f398e33045819af90b39c52a6) Importer(815301076,1909f56bfc062723c751e8b465ee728b)  -> (artifact id: 'd16329d5802edbfc7849e6740e4d91f0') in 0.042259 seconds
  Import took 0.044770 seconds .

========================================================================
Received Prepare
Registering precompiled user dll's ...
Registered in 0.000565 seconds.
Begin MonoManager ReloadAssembly
Native extension for WindowsStandalone target not found
Refreshing native plugins compatible for Editor in 0.27 ms, found 1 plugins.
Preloading 0 native plugins for Editor in 0.00 ms.
Invoked RoslynAnalysisRunner static constructor.
RoslynAnalysisRunner will not be running.
RoslynAnalysisRunner has terminated.
Mono: successfully reloaded assembly
- Completed reload, in  0.667 seconds
Platform modules already initialized, skipping
Refreshing native plugins compatible for Editor in 0.26 ms, found 1 plugins.
Preloading 0 native plugins for Editor in 0.00 ms.
Unloading 1797 Unused Serialized files (Serialized files now loaded: 0)
System memory in use before: 89.7 MB.
System memory in use after: 89.7 MB.

Unloading 12 unused Assets to reduce memory usage. Loaded Objects now: 2285.
Total: 1.750100 ms (FindLiveObjects: 0.148200 ms CreateObjectMapping: 0.051400 ms MarkObjects: 1.471400 ms  DeleteObjects: 0.078500 ms)

========================================================================
Received Prepare
Registering precompiled user dll's ...
Registered in 0.000594 seconds.
Begin MonoManager ReloadAssembly
Native extension for WindowsStandalone target not found
Refreshing native plugins compatible for Editor in 0.27 ms, found 1 plugins.
Preloading 0 native plugins for Editor in 0.00 ms.
Invoked RoslynAnalysisRunner static constructor.
RoslynAnalysisRunner will not be running.
RoslynAnalysisRunner has terminated.
Mono: successfully reloaded assembly
- Completed reload, in  0.629 seconds
Platform modules already initialized, skipping
Refreshing native plugins compatible for Editor in 0.36 ms, found 1 plugins.
Preloading 0 native plugins for Editor in 0.00 ms.
Unloading 1797 Unused Serialized files (Serialized files now loaded: 0)
System memory in use before: 89.9 MB.
System memory in use after: 89.9 MB.

Unloading 12 unused Assets to reduce memory usage. Loaded Objects now: 2288.
Total: 1.648500 ms (FindLiveObjects: 0.150800 ms CreateObjectMapping: 0.057200 ms MarkObjects: 1.362800 ms  DeleteObjects: 0.076800 ms)

========================================================================
Received Import Request.
  Time since last request: 145.795922 seconds.
  path: Assets/Prefabs/Canvas.prefab
  artifactKey: Guid(c4e5cebfc8356e641a86174b4174cf47) Importer(815301076,1909f56bfc062723c751e8b465ee728b)
Start importing Assets/Prefabs/Canvas.prefab using Guid(c4e5cebfc8356e641a86174b4174cf47) Importer(815301076,1909f56bfc062723c751e8b465ee728b)  -> (artifact id: '5761e4ad7726f4338516b2c6d45fcff7') in 0.059256 seconds
  Import took 0.061803 seconds .

========================================================================
Received Prepare
Registering precompiled user dll's ...
Registered in 0.000588 seconds.
Begin MonoManager ReloadAssembly
Native extension for WindowsStandalone target not found
Refreshing native plugins compatible for Editor in 0.29 ms, found 1 plugins.
Preloading 0 native plugins for Editor in 0.00 ms.
Invoked RoslynAnalysisRunner static constructor.
RoslynAnalysisRunner will not be running.
RoslynAnalysisRunner has terminated.
Mono: successfully reloaded assembly
- Completed reload, in  0.686 seconds
Platform modules already initialized, skipping
Refreshing native plugins compatible for Editor in 0.27 ms, found 1 plugins.
Preloading 0 native plugins for Editor in 0.00 ms.
Unloading 1797 Unused Serialized files (Serialized files now loaded: 0)
System memory in use before: 90.0 MB.
System memory in use after: 90.0 MB.

Unloading 12 unused Assets to reduce memory usage. Loaded Objects now: 2292.
Total: 1.688900 ms (FindLiveObjects: 0.138200 ms CreateObjectMapping: 0.059100 ms MarkObjects: 1.406000 ms  DeleteObjects: 0.084900 ms)

========================================================================
Received Prepare
Registering precompiled user dll's ...
Registered in 0.000602 seconds.
Begin MonoManager ReloadAssembly
Native extension for WindowsStandalone target not found
Refreshing native plugins compatible for Editor in 0.29 ms, found 1 plugins.
Preloading 0 native plugins for Editor in 0.00 ms.
Invoked RoslynAnalysisRunner static constructor.
RoslynAnalysisRunner will not be running.
RoslynAnalysisRunner has terminated.
Mono: successfully reloaded assembly
- Completed reload, in  0.627 seconds
Platform modules already initialized, skipping
Refreshing native plugins compatible for Editor in 0.25 ms, found 1 plugins.
Preloading 0 native plugins for Editor in 0.00 ms.
Unloading 1797 Unused Serialized files (Serialized files now loaded: 0)
System memory in use before: 89.3 MB.
System memory in use after: 89.3 MB.

Unloading 12 unused Assets to reduce memory usage. Loaded Objects now: 2295.
Total: 1.537200 ms (FindLiveObjects: 0.132100 ms CreateObjectMapping: 0.056900 ms MarkObjects: 1.274400 ms  DeleteObjects: 0.073100 ms)

========================================================================
Received Prepare
Registering precompiled user dll's ...
Registered in 0.000538 seconds.
Begin MonoManager ReloadAssembly
Native extension for WindowsStandalone target not found
Refreshing native plugins compatible for Editor in 0.27 ms, found 1 plugins.
Preloading 0 native plugins for Editor in 0.00 ms.
Invoked RoslynAnalysisRunner static constructor.
RoslynAnalysisRunner will not be running.
RoslynAnalysisRunner has terminated.
Mono: successfully reloaded assembly
- Completed reload, in  0.622 seconds
Platform modules already initialized, skipping
Refreshing native plugins compatible for Editor in 0.30 ms, found 1 plugins.
Preloading 0 native plugins for Editor in 0.00 ms.
Unloading 1797 Unused Serialized files (Serialized files now loaded: 0)
System memory in use before: 89.4 MB.
System memory in use after: 89.4 MB.

Unloading 12 unused Assets to reduce memory usage. Loaded Objects now: 2298.
Total: 1.922300 ms (FindLiveObjects: 0.166300 ms CreateObjectMapping: 0.071200 ms MarkObjects: 1.587100 ms  DeleteObjects: 0.096900 ms)

========================================================================
Received Import Request.
  Time since last request: 248.768554 seconds.
  path: Assets/Prefabs/Cactus.prefab
  artifactKey: Guid(b7e750cc0aa9fdd4fb9cfeda58f8174d) Importer(815301076,1909f56bfc062723c751e8b465ee728b)
Start importing Assets/Prefabs/Cactus.prefab using Guid(b7e750cc0aa9fdd4fb9cfeda58f8174d) Importer(815301076,1909f56bfc062723c751e8b465ee728b)  -> (artifact id: '0a9e6ef1fb4db53514fb4f2ba23fd134') in 0.051155 seconds
  Import took 0.053955 seconds .

========================================================================
Received Import Request.
  Time since last request: 44.306138 seconds.
  path: Assets/Prefabs/Cactus.prefab
  artifactKey: Guid(b7e750cc0aa9fdd4fb9cfeda58f8174d) Importer(815301076,1909f56bfc062723c751e8b465ee728b)
Start importing Assets/Prefabs/Cactus.prefab using Guid(b7e750cc0aa9fdd4fb9cfeda58f8174d) Importer(815301076,1909f56bfc062723c751e8b465ee728b)  -> (artifact id: '6270021ffea35ad19f734b3703d3cc28') in 0.014833 seconds
  Import took 0.017311 seconds .

========================================================================
Received Prepare
Registering precompiled user dll's ...
Registered in 0.000616 seconds.
Begin MonoManager ReloadAssembly
Native extension for WindowsStandalone target not found
Refreshing native plugins compatible for Editor in 0.31 ms, found 1 plugins.
Preloading 0 native plugins for Editor in 0.00 ms.
Invoked RoslynAnalysisRunner static constructor.
RoslynAnalysisRunner will not be running.
RoslynAnalysisRunner has terminated.
Mono: successfully reloaded assembly
- Completed reload, in  0.746 seconds
Platform modules already initialized, skipping
Refreshing native plugins compatible for Editor in 0.42 ms, found 1 plugins.
Preloading 0 native plugins for Editor in 0.00 ms.
Unloading 1797 Unused Serialized files (Serialized files now loaded: 0)
System memory in use before: 89.6 MB.
System memory in use after: 89.6 MB.

Unloading 12 unused Assets to reduce memory usage. Loaded Objects now: 2302.
Total: 2.204000 ms (FindLiveObjects: 0.387900 ms CreateObjectMapping: 0.186500 ms MarkObjects: 1.534800 ms  DeleteObjects: 0.093600 ms)

========================================================================
Received Import Request.
  Time since last request: 34.003557 seconds.
  path: Assets/Prefabs/Attackers
  artifactKey: Guid(3f2df7b863da8ee41a7284da0b93b0e6) Importer(815301076,1909f56bfc062723c751e8b465ee728b)
Start importing Assets/Prefabs/Attackers using Guid(3f2df7b863da8ee41a7284da0b93b0e6) Importer(815301076,1909f56bfc062723c751e8b465ee728b)  -> (artifact id: '856879b1cee14d2f97f9959df2deef30') in 0.006603 seconds
  Import took 0.009443 seconds .

========================================================================
Received Import Request.
  Time since last request: 11.958481 seconds.
  path: Assets/Prefabs/Defenders
  artifactKey: Guid(a7bfcf1a1fdebef45b6dd37a536d6244) Importer(815301076,1909f56bfc062723c751e8b465ee728b)
Start importing Assets/Prefabs/Defenders using Guid(a7bfcf1a1fdebef45b6dd37a536d6244) Importer(815301076,1909f56bfc062723c751e8b465ee728b)  -> (artifact id: 'bd98ff0e043713b2380038b5d4cf89a4') in 0.005694 seconds
  Import took 0.008904 seconds .

========================================================================
Received Import Request.
  Time since last request: 11.793416 seconds.
  path: Assets/Prefabs/CoreGame
  artifactKey: Guid(20ee0eb019cfe09409623b63b6718aef) Importer(815301076,1909f56bfc062723c751e8b465ee728b)
Start importing Assets/Prefabs/CoreGame using Guid(20ee0eb019cfe09409623b63b6718aef) Importer(815301076,1909f56bfc062723c751e8b465ee728b)  -> (artifact id: 'd1ebf0e82bbde800c4a97765873d56cc') in 0.005884 seconds
  Import took 0.008740 seconds .

========================================================================
Received Import Request.
  Time since last request: 0.000395 seconds.
  path: Assets/Prefabs/CoreGame
  artifactKey: Guid(20ee0eb019cfe09409623b63b6718aef) Importer(815301076,1909f56bfc062723c751e8b465ee728b)
Start importing Assets/Prefabs/CoreGame using Guid(20ee0eb019cfe09409623b63b6718aef) Importer(815301076,1909f56bfc062723c751e8b465ee728b)  -> (artifact id: 'd1ebf0e82bbde800c4a97765873d56cc') in 0.001233 seconds
  Import took 0.003854 seconds .

========================================================================
Received Import Request.
  Time since last request: 19.390814 seconds.
  path: Assets/Prefabs/Projectiles
  artifactKey: Guid(2731e7a6abc6ae64b9103957abc90f28) Importer(815301076,1909f56bfc062723c751e8b465ee728b)
Start importing Assets/Prefabs/Projectiles using Guid(2731e7a6abc6ae64b9103957abc90f28) Importer(815301076,1909f56bfc062723c751e8b465ee728b)  -> (artifact id: '6a2742c305395630a088fe3019aa8a5d') in 0.005514 seconds
  Import took 0.008129 seconds .

========================================================================
Received Import Request.
  Time since last request: 73.587032 seconds.
  path: Assets/Sprites/New Folder
  artifactKey: Guid(806411001fa277e4d9471ce94e3e38aa) Importer(815301076,1909f56bfc062723c751e8b465ee728b)
Start importing Assets/Sprites/New Folder using Guid(806411001fa277e4d9471ce94e3e38aa) Importer(815301076,1909f56bfc062723c751e8b465ee728b)  -> (artifact id: '737f84f85eb4f939216dd5b39bfbe357') in 0.005812 seconds
  Import took 0.009149 seconds .

========================================================================
Received Import Request.
  Time since last request: 11.360872 seconds.
  path: Assets/Sprites/Gnome
  artifactKey: Guid(806411001fa277e4d9471ce94e3e38aa) Importer(815301076,1909f56bfc062723c751e8b465ee728b)
Start importing Assets/Sprites/Gnome using Guid(806411001fa277e4d9471ce94e3e38aa) Importer(815301076,1909f56bfc062723c751e8b465ee728b)  -> (artifact id: '97105943676e3ace7c86e9a3792ffe81') in 0.006730 seconds
  Import took 0.009158 seconds .

========================================================================
Received Import Request.
  Time since last request: 37.584052 seconds.
  path: Assets/Animations/Defenders/Axe.controller
  artifactKey: Guid(b9b8e0ee51e55f340985b05be9f16445) Importer(815301076,1909f56bfc062723c751e8b465ee728b)
Start importing Assets/Animations/Defenders/Axe.controller using Guid(b9b8e0ee51e55f340985b05be9f16445) Importer(815301076,1909f56bfc062723c751e8b465ee728b)  -> (artifact id: '138aa99955a8d5097abb0fbd32210647') in 0.012223 seconds
  Import took 0.014535 seconds .

========================================================================
Received Import Request.
  Time since last request: 7.040190 seconds.
  path: Assets/Animations/Defenders/Axe.anim
  artifactKey: Guid(ca50339e609751540b926a804ad7f07c) Importer(815301076,1909f56bfc062723c751e8b465ee728b)
Start importing Assets/Animations/Defenders/Axe.anim using Guid(ca50339e609751540b926a804ad7f07c) Importer(815301076,1909f56bfc062723c751e8b465ee728b)  -> (artifact id: 'bbb8ea0e8a430c24a83613c7613cf5c1') in 0.002611 seconds
  Import took 0.005904 seconds .

========================================================================
Received Import Request.
  Time since last request: 12.931389 seconds.
  path: Assets/Animations/Defenders/Axe Throw.anim
  artifactKey: Guid(ca50339e609751540b926a804ad7f07c) Importer(815301076,1909f56bfc062723c751e8b465ee728b)
Start importing Assets/Animations/Defenders/Axe Throw.anim using Guid(ca50339e609751540b926a804ad7f07c) Importer(815301076,1909f56bfc062723c751e8b465ee728b)  -> (artifact id: '0e2b4ce043f020f73f07c010536d8b8d') in 0.006058 seconds
  Import took 0.008593 seconds .

========================================================================
Received Import Request.
  Time since last request: 9968.132822 seconds.
  path: Assets/Animations/Defenders/Gnome Idle.anim
  artifactKey: Guid(d5447d776f93eb94f8c2eb749f2d1273) Importer(815301076,1909f56bfc062723c751e8b465ee728b)
Start importing Assets/Animations/Defenders/Gnome Idle.anim using Guid(d5447d776f93eb94f8c2eb749f2d1273) Importer(815301076,1909f56bfc062723c751e8b465ee728b)  -> (artifact id: '9c1c1a32ca5630c9cfeecf517a8d747f') in 0.007213 seconds
  Import took 0.010244 seconds .

========================================================================
Received Import Request.
  Time since last request: 7.236442 seconds.
  path: Assets/Animations/Defenders/Gnome.controller
  artifactKey: Guid(837bd138d3ff4e740a676ed27c6b329b) Importer(815301076,1909f56bfc062723c751e8b465ee728b)
Start importing Assets/Animations/Defenders/Gnome.controller using Guid(837bd138d3ff4e740a676ed27c6b329b) Importer(815301076,1909f56bfc062723c751e8b465ee728b)  -> (artifact id: '1c622a19241e0e68c7be1a577df43e24') in 0.001442 seconds
  Import took 0.003813 seconds .

========================================================================
Received Import Request.
  Time since last request: 6.394207 seconds.
  path: Assets/Animations/Defenders/Animators
  artifactKey: Guid(2f3aa01087e6c0746ac8bcc2eeeef3d4) Importer(815301076,1909f56bfc062723c751e8b465ee728b)
Start importing Assets/Animations/Defenders/Animators using Guid(2f3aa01087e6c0746ac8bcc2eeeef3d4) Importer(815301076,1909f56bfc062723c751e8b465ee728b)  -> (artifact id: '10f294d85e95be58a6a49b8b098a09d9') in 0.005623 seconds
  Import took 0.007972 seconds .

========================================================================
Received Import Request.
  Time since last request: 170.313333 seconds.
  path: Assets/Sprites/Gnome/Gnome Idle.png
  artifactKey: Guid(1af6fe4191b474043aff6537d3483e6a) Importer(815301076,1909f56bfc062723c751e8b465ee728b)
Start importing Assets/Sprites/Gnome/Gnome Idle.png using Guid(1af6fe4191b474043aff6537d3483e6a) Importer(815301076,1909f56bfc062723c751e8b465ee728b)  -> (artifact id: 'f84dc3249b83a1e20a5f37eb66208e9e') in 0.062833 seconds
  Import took 0.065491 seconds .

========================================================================
Received Import Request.
  Time since last request: 27.237808 seconds.
  path: Assets/Sprites/Gnome/Gnome Idle.png
  artifactKey: Guid(1af6fe4191b474043aff6537d3483e6a) Importer(815301076,1909f56bfc062723c751e8b465ee728b)
Start importing Assets/Sprites/Gnome/Gnome Idle.png using Guid(1af6fe4191b474043aff6537d3483e6a) Importer(815301076,1909f56bfc062723c751e8b465ee728b)  -> (artifact id: 'abdaa7d78cb7e665f42e4baf4168fae3') in 0.032340 seconds
  Import took 0.034836 seconds .

========================================================================
Received Import Request.
  Time since last request: 10.238398 seconds.
  path: Assets/Sprites/Gnome/Gnome Hop.png
  artifactKey: Guid(fe4331af59b32a54fb1990c99b78f5e8) Importer(815301076,1909f56bfc062723c751e8b465ee728b)
Start importing Assets/Sprites/Gnome/Gnome Hop.png using Guid(fe4331af59b32a54fb1990c99b78f5e8) Importer(815301076,1909f56bfc062723c751e8b465ee728b)  -> (artifact id: '5ce3be3cf938af192674d7dc388022f9') in 0.011713 seconds
  Import took 0.014055 seconds .

========================================================================
Received Import Request.
  Time since last request: 0.003079 seconds.
  path: Assets/Sprites/Gnome/Gnome Hop.png
  artifactKey: Guid(fe4331af59b32a54fb1990c99b78f5e8) Importer(815301076,1909f56bfc062723c751e8b465ee728b)
Start importing Assets/Sprites/Gnome/Gnome Hop.png using Guid(fe4331af59b32a54fb1990c99b78f5e8) Importer(815301076,1909f56bfc062723c751e8b465ee728b)  -> (artifact id: '5ce3be3cf938af192674d7dc388022f9') in 0.004582 seconds
  Import took 0.007298 seconds .

========================================================================
Received Import Request.
  Time since last request: 5.271452 seconds.
  path: Assets/Sprites/Gnome/Gnome Hop.png
  artifactKey: Guid(fe4331af59b32a54fb1990c99b78f5e8) Importer(815301076,1909f56bfc062723c751e8b465ee728b)
Start importing Assets/Sprites/Gnome/Gnome Hop.png using Guid(fe4331af59b32a54fb1990c99b78f5e8) Importer(815301076,1909f56bfc062723c751e8b465ee728b)  -> (artifact id: 'f50bc11dae07ac40a08e84092df3cd7f') in 0.029315 seconds
  Import took 0.031750 seconds .

========================================================================
Received Import Request.
  Time since last request: 64.647288 seconds.
  path: Assets/Sprites/Gnome/Gnome Hop.png
  artifactKey: Guid(fe4331af59b32a54fb1990c99b78f5e8) Importer(815301076,1909f56bfc062723c751e8b465ee728b)
Start importing Assets/Sprites/Gnome/Gnome Hop.png using Guid(fe4331af59b32a54fb1990c99b78f5e8) Importer(815301076,1909f56bfc062723c751e8b465ee728b)  -> (artifact id: '3b67f9a4da22ea7c6e9ff0f9aeb0ba5b') in 0.032280 seconds
  Import took 0.034795 seconds .

========================================================================
Received Import Request.
  Time since last request: 3.795891 seconds.
  path: Assets/Sprites/Gnome/Gnome Idle.png
  artifactKey: Guid(1af6fe4191b474043aff6537d3483e6a) Importer(815301076,1909f56bfc062723c751e8b465ee728b)
Start importing Assets/Sprites/Gnome/Gnome Idle.png using Guid(1af6fe4191b474043aff6537d3483e6a) Importer(815301076,1909f56bfc062723c751e8b465ee728b)  -> (artifact id: '870bee643976b8bea1fc338244081bee') in 0.022878 seconds
  Import took 0.025277 seconds .

========================================================================
Received Import Request.
  Time since last request: 491.039194 seconds.
  path: Assets/Prefabs/Axe.prefab
  artifactKey: Guid(ee2ef09237e236848adfeb962c1c958f) Importer(815301076,1909f56bfc062723c751e8b465ee728b)
Start importing Assets/Prefabs/Axe.prefab using Guid(ee2ef09237e236848adfeb962c1c958f) Importer(815301076,1909f56bfc062723c751e8b465ee728b)  -> (artifact id: '00fe661af2fa94cfc1af3df8e2f7e6ba') in 0.027472 seconds
  Import took 0.030462 seconds .

========================================================================
Received Import Request.
  Time since last request: 0.001924 seconds.
  path: Assets/Prefabs/Axe.prefab
  artifactKey: Guid(ee2ef09237e236848adfeb962c1c958f) Importer(815301076,1909f56bfc062723c751e8b465ee728b)
Start importing Assets/Prefabs/Axe.prefab using Guid(ee2ef09237e236848adfeb962c1c958f) Importer(815301076,1909f56bfc062723c751e8b465ee728b)  -> (artifact id: '00fe661af2fa94cfc1af3df8e2f7e6ba') in 0.007932 seconds
  Import took 0.011505 seconds .

========================================================================
Received Import Request.
  Time since last request: 30.849060 seconds.
  path: Assets/Prefabs/Defenders/Gnome.prefab
  artifactKey: Guid(67175cb04c1e6cb4eae3aaa1ca0f750f) Importer(815301076,1909f56bfc062723c751e8b465ee728b)
Start importing Assets/Prefabs/Defenders/Gnome.prefab using Guid(67175cb04c1e6cb4eae3aaa1ca0f750f) Importer(815301076,1909f56bfc062723c751e8b465ee728b)  -> (artifact id: 'd50cf419664f781311eea0fe80a771bc') in 0.011356 seconds
  Import took 0.014073 seconds .

========================================================================
Received Import Request.
  Time since last request: 0.004744 seconds.
  path: Assets/Prefabs/Defenders/Gnome.prefab
  artifactKey: Guid(67175cb04c1e6cb4eae3aaa1ca0f750f) Importer(815301076,1909f56bfc062723c751e8b465ee728b)
Start importing Assets/Prefabs/Defenders/Gnome.prefab using Guid(67175cb04c1e6cb4eae3aaa1ca0f750f) Importer(815301076,1909f56bfc062723c751e8b465ee728b)  -> (artifact id: 'd50cf419664f781311eea0fe80a771bc') in 0.007214 seconds
  Import took 0.009830 seconds .

========================================================================
Received Import Request.
  Time since last request: 39.485813 seconds.
  path: Assets/Animations/Defenders/Animators/Gnome.controller
  artifactKey: Guid(837bd138d3ff4e740a676ed27c6b329b) Importer(815301076,1909f56bfc062723c751e8b465ee728b)
Start importing Assets/Animations/Defenders/Animators/Gnome.controller using Guid(837bd138d3ff4e740a676ed27c6b329b) Importer(815301076,1909f56bfc062723c751e8b465ee728b)  -> (artifact id: 'c3e8efeb2121303a7a5c1ac5f83107e9') in 0.001886 seconds
  Import took 0.004459 seconds .

========================================================================
Received Import Request.
  Time since last request: 15.956785 seconds.
  path: Assets/Animations/Defenders/Animators/Gnome.controller
  artifactKey: Guid(837bd138d3ff4e740a676ed27c6b329b) Importer(815301076,1909f56bfc062723c751e8b465ee728b)
Start importing Assets/Animations/Defenders/Animators/Gnome.controller using Guid(837bd138d3ff4e740a676ed27c6b329b) Importer(815301076,1909f56bfc062723c751e8b465ee728b)  -> (artifact id: '1989a7b42607ebbdb6b838d3eb0bdeb9') in 0.001967 seconds
  Import took 0.004391 seconds .

========================================================================
Received Prepare
Registering precompiled user dll's ...
Registered in 0.000581 seconds.
Begin MonoManager ReloadAssembly
Native extension for WindowsStandalone target not found
Refreshing native plugins compatible for Editor in 0.29 ms, found 1 plugins.
Preloading 0 native plugins for Editor in 0.00 ms.
Invoked RoslynAnalysisRunner static constructor.
RoslynAnalysisRunner will not be running.
RoslynAnalysisRunner has terminated.
Mono: successfully reloaded assembly
- Completed reload, in  0.636 seconds
Platform modules already initialized, skipping
Refreshing native plugins compatible for Editor in 0.27 ms, found 1 plugins.
Preloading 0 native plugins for Editor in 0.00 ms.
Unloading 1797 Unused Serialized files (Serialized files now loaded: 0)
System memory in use before: 89.8 MB.
System memory in use after: 89.8 MB.

Unloading 12 unused Assets to reduce memory usage. Loaded Objects now: 2311.
Total: 1.800400 ms (FindLiveObjects: 0.156000 ms CreateObjectMapping: 0.053000 ms MarkObjects: 1.506400 ms  DeleteObjects: 0.084400 ms)

========================================================================
Received Prepare
Registering precompiled user dll's ...
Registered in 0.000566 seconds.
Begin MonoManager ReloadAssembly
Native extension for WindowsStandalone target not found
Refreshing native plugins compatible for Editor in 0.28 ms, found 1 plugins.
Preloading 0 native plugins for Editor in 0.00 ms.
Invoked RoslynAnalysisRunner static constructor.
RoslynAnalysisRunner will not be running.
RoslynAnalysisRunner has terminated.
Mono: successfully reloaded assembly
- Completed reload, in  0.639 seconds
Platform modules already initialized, skipping
Refreshing native plugins compatible for Editor in 0.26 ms, found 1 plugins.
Preloading 0 native plugins for Editor in 0.00 ms.
Unloading 1797 Unused Serialized files (Serialized files now loaded: 0)
System memory in use before: 90.0 MB.
System memory in use after: 90.0 MB.

Unloading 12 unused Assets to reduce memory usage. Loaded Objects now: 2314.
Total: 1.674400 ms (FindLiveObjects: 0.219500 ms CreateObjectMapping: 0.065100 ms MarkObjects: 1.298900 ms  DeleteObjects: 0.090300 ms)

========================================================================
Received Prepare
Registering precompiled user dll's ...
Registered in 0.000592 seconds.
Begin MonoManager ReloadAssembly
Native extension for WindowsStandalone target not found
Refreshing native plugins compatible for Editor in 0.27 ms, found 1 plugins.
Preloading 0 native plugins for Editor in 0.00 ms.
Invoked RoslynAnalysisRunner static constructor.
RoslynAnalysisRunner will not be running.
RoslynAnalysisRunner has terminated.
Mono: successfully reloaded assembly
- Completed reload, in  0.635 seconds
Platform modules already initialized, skipping
Refreshing native plugins compatible for Editor in 0.26 ms, found 1 plugins.
Preloading 0 native plugins for Editor in 0.00 ms.
Unloading 1797 Unused Serialized files (Serialized files now loaded: 0)
System memory in use before: 90.0 MB.
System memory in use after: 90.0 MB.

Unloading 12 unused Assets to reduce memory usage. Loaded Objects now: 2317.
Total: 1.702200 ms (FindLiveObjects: 0.170200 ms CreateObjectMapping: 0.067300 ms MarkObjects: 1.379500 ms  DeleteObjects: 0.084300 ms)

========================================================================
Received Prepare
Registering precompiled user dll's ...
Registered in 0.000606 seconds.
Begin MonoManager ReloadAssembly
Native extension for WindowsStandalone target not found
Refreshing native plugins compatible for Editor in 0.28 ms, found 1 plugins.
Preloading 0 native plugins for Editor in 0.00 ms.
Invoked RoslynAnalysisRunner static constructor.
RoslynAnalysisRunner will not be running.
RoslynAnalysisRunner has terminated.
Mono: successfully reloaded assembly
- Completed reload, in  0.631 seconds
Platform modules already initialized, skipping
Refreshing native plugins compatible for Editor in 0.28 ms, found 1 plugins.
Preloading 0 native plugins for Editor in 0.00 ms.
Unloading 1797 Unused Serialized files (Serialized files now loaded: 0)
System memory in use before: 89.3 MB.
System memory in use after: 89.3 MB.

Unloading 12 unused Assets to reduce memory usage. Loaded Objects now: 2320.
Total: 1.590000 ms (FindLiveObjects: 0.139400 ms CreateObjectMapping: 0.055600 ms MarkObjects: 1.306400 ms  DeleteObjects: 0.087600 ms)

========================================================================
Received Prepare
Registering precompiled user dll's ...
Registered in 0.000609 seconds.
Begin MonoManager ReloadAssembly
Native extension for WindowsStandalone target not found
Refreshing native plugins compatible for Editor in 0.28 ms, found 1 plugins.
Preloading 0 native plugins for Editor in 0.00 ms.
Invoked RoslynAnalysisRunner static constructor.
RoslynAnalysisRunner will not be running.
RoslynAnalysisRunner has terminated.
Mono: successfully reloaded assembly
- Completed reload, in  0.636 seconds
Platform modules already initialized, skipping
Refreshing native plugins compatible for Editor in 0.27 ms, found 1 plugins.
Preloading 0 native plugins for Editor in 0.00 ms.
Unloading 1797 Unused Serialized files (Serialized files now loaded: 0)
System memory in use before: 89.5 MB.
System memory in use after: 89.5 MB.

Unloading 12 unused Assets to reduce memory usage. Loaded Objects now: 2323.
Total: 1.550500 ms (FindLiveObjects: 0.145500 ms CreateObjectMapping: 0.054600 ms MarkObjects: 1.267700 ms  DeleteObjects: 0.081600 ms)

========================================================================
Received Import Request.
  Time since last request: 1038.607098 seconds.
  path: Assets/Prefabs/Defenders/Cactus.prefab
  artifactKey: Guid(b7e750cc0aa9fdd4fb9cfeda58f8174d) Importer(815301076,1909f56bfc062723c751e8b465ee728b)
Start importing Assets/Prefabs/Defenders/Cactus.prefab using Guid(b7e750cc0aa9fdd4fb9cfeda58f8174d) Importer(815301076,1909f56bfc062723c751e8b465ee728b)  -> (artifact id: 'bd16639ee4b9d13a9b446d3e577c042c') in 0.050876 seconds
  Import took 0.053410 seconds .

========================================================================
Received Import Request.
  Time since last request: 62.999843 seconds.
  path: Assets/Prefabs/CoreGame/Gun.prefab
  artifactKey: Guid(74a11d183f0b3c941ba38294b68465f4) Importer(815301076,1909f56bfc062723c751e8b465ee728b)
Start importing Assets/Prefabs/CoreGame/Gun.prefab using Guid(74a11d183f0b3c941ba38294b68465f4) Importer(815301076,1909f56bfc062723c751e8b465ee728b)  -> (artifact id: 'd6198d46b287ca2c5feb6207dfe0d802') in 0.006768 seconds
  Import took 0.009095 seconds .

========================================================================
Received Import Request.
  Time since last request: 3.604834 seconds.
  path: Assets/Prefabs/Defenders/Cactus.prefab
  artifactKey: Guid(b7e750cc0aa9fdd4fb9cfeda58f8174d) Importer(815301076,1909f56bfc062723c751e8b465ee728b)
Start importing Assets/Prefabs/Defenders/Cactus.prefab using Guid(b7e750cc0aa9fdd4fb9cfeda58f8174d) Importer(815301076,1909f56bfc062723c751e8b465ee728b)  -> (artifact id: '44bf4cd76d786f7020d38a4288a5a688') in 0.013475 seconds
  Import took 0.016014 seconds .

========================================================================
Received Prepare
Registering precompiled user dll's ...
Registered in 0.000595 seconds.
Begin MonoManager ReloadAssembly
Native extension for WindowsStandalone target not found
Refreshing native plugins compatible for Editor in 0.28 ms, found 1 plugins.
Preloading 0 native plugins for Editor in 0.00 ms.
Invoked RoslynAnalysisRunner static constructor.
RoslynAnalysisRunner will not be running.
RoslynAnalysisRunner has terminated.
Mono: successfully reloaded assembly
- Completed reload, in  0.637 seconds
Platform modules already initialized, skipping
Refreshing native plugins compatible for Editor in 0.27 ms, found 1 plugins.
Preloading 0 native plugins for Editor in 0.00 ms.
Unloading 1797 Unused Serialized files (Serialized files now loaded: 0)
System memory in use before: 89.7 MB.
System memory in use after: 89.7 MB.

Unloading 12 unused Assets to reduce memory usage. Loaded Objects now: 2327.
Total: 1.718200 ms (FindLiveObjects: 0.130400 ms CreateObjectMapping: 0.052500 ms MarkObjects: 1.451800 ms  DeleteObjects: 0.082900 ms)

========================================================================
Received Import Request.
  Time since last request: 95.768923 seconds.
  path: Assets/Prefabs/Defenders/Cactus.prefab
  artifactKey: Guid(b7e750cc0aa9fdd4fb9cfeda58f8174d) Importer(815301076,1909f56bfc062723c751e8b465ee728b)
Start importing Assets/Prefabs/Defenders/Cactus.prefab using Guid(b7e750cc0aa9fdd4fb9cfeda58f8174d) Importer(815301076,1909f56bfc062723c751e8b465ee728b)  -> (artifact id: '77e11655ea05608ef7611b9b0b43298f') in 0.050783 seconds
  Import took 0.053924 seconds .

========================================================================
Received Prepare
Registering precompiled user dll's ...
Registered in 0.000597 seconds.
Begin MonoManager ReloadAssembly
Native extension for WindowsStandalone target not found
Refreshing native plugins compatible for Editor in 0.27 ms, found 1 plugins.
Preloading 0 native plugins for Editor in 0.00 ms.
Invoked RoslynAnalysisRunner static constructor.
RoslynAnalysisRunner will not be running.
RoslynAnalysisRunner has terminated.
Mono: successfully reloaded assembly
- Completed reload, in  0.645 seconds
Platform modules already initialized, skipping
Refreshing native plugins compatible for Editor in 0.29 ms, found 1 plugins.
Preloading 0 native plugins for Editor in 0.00 ms.
Unloading 1797 Unused Serialized files (Serialized files now loaded: 0)
System memory in use before: 89.8 MB.
System memory in use after: 89.8 MB.

Unloading 12 unused Assets to reduce memory usage. Loaded Objects now: 2331.
Total: 1.596000 ms (FindLiveObjects: 0.148500 ms CreateObjectMapping: 0.064500 ms MarkObjects: 1.294300 ms  DeleteObjects: 0.087900 ms)

========================================================================
Received Import Request.
  Time since last request: 20.970551 seconds.
  path: Assets/Prefabs/Defenders/Cactus.prefab
  artifactKey: Guid(b7e750cc0aa9fdd4fb9cfeda58f8174d) Importer(815301076,1909f56bfc062723c751e8b465ee728b)
Start importing Assets/Prefabs/Defenders/Cactus.prefab using Guid(b7e750cc0aa9fdd4fb9cfeda58f8174d) Importer(815301076,1909f56bfc062723c751e8b465ee728b)  -> (artifact id: '8c16542ef600c4829cd41ea584d6f2dc') in 0.051215 seconds
  Import took 0.054454 seconds .

========================================================================
Received Import Request.
  Time since last request: 49.073511 seconds.
  path: Assets/Prefabs/Projectiles/Axe.prefab
  artifactKey: Guid(ee2ef09237e236848adfeb962c1c958f) Importer(815301076,1909f56bfc062723c751e8b465ee728b)
Start importing Assets/Prefabs/Projectiles/Axe.prefab using Guid(ee2ef09237e236848adfeb962c1c958f) Importer(815301076,1909f56bfc062723c751e8b465ee728b)  -> (artifact id: '6f925e606ba0cd4ac688dfa7d521a57c') in 0.006023 seconds
  Import took 0.008834 seconds .

========================================================================
Received Import Request.
  Time since last request: 12.677285 seconds.
  path: Assets/Prefabs/Projectiles/Axe.prefab
  artifactKey: Guid(ee2ef09237e236848adfeb962c1c958f) Importer(815301076,1909f56bfc062723c751e8b465ee728b)
Start importing Assets/Prefabs/Projectiles/Axe.prefab using Guid(ee2ef09237e236848adfeb962c1c958f) Importer(815301076,1909f56bfc062723c751e8b465ee728b)  -> (artifact id: 'd9b0567dae5d745dc5ebffdc0f6331ca') in 0.005969 seconds
  Import took 0.008359 seconds .

========================================================================
Received Import Request.
  Time since last request: 4.827486 seconds.
  path: Assets/Prefabs/Projectiles/Axe.prefab
  artifactKey: Guid(ee2ef09237e236848adfeb962c1c958f) Importer(815301076,1909f56bfc062723c751e8b465ee728b)
Start importing Assets/Prefabs/Projectiles/Axe.prefab using Guid(ee2ef09237e236848adfeb962c1c958f) Importer(815301076,1909f56bfc062723c751e8b465ee728b)  -> (artifact id: 'c2737bcc75341e997d6190498844f782') in 0.005622 seconds
  Import took 0.008091 seconds .

========================================================================
Received Import Request.
  Time since last request: 9.083403 seconds.
  path: Assets/Prefabs/Projectiles/Axe.prefab
  artifactKey: Guid(ee2ef09237e236848adfeb962c1c958f) Importer(815301076,1909f56bfc062723c751e8b465ee728b)
Start importing Assets/Prefabs/Projectiles/Axe.prefab using Guid(ee2ef09237e236848adfeb962c1c958f) Importer(815301076,1909f56bfc062723c751e8b465ee728b)  -> (artifact id: '96fcbc08402bd3ec08be0f9b44de0d23') in 0.005790 seconds
  Import took 0.008417 seconds .

========================================================================
Received Import Request.
  Time since last request: 85.365110 seconds.
  path: Assets/Prefabs/CoreGame/Gun.prefab
  artifactKey: Guid(74a11d183f0b3c941ba38294b68465f4) Importer(815301076,1909f56bfc062723c751e8b465ee728b)
Start importing Assets/Prefabs/CoreGame/Gun.prefab using Guid(74a11d183f0b3c941ba38294b68465f4) Importer(815301076,1909f56bfc062723c751e8b465ee728b)  -> (artifact id: '82fbef0978a10a77839c9c7a2fd181bd') in 0.002282 seconds
  Import took 0.004804 seconds .

========================================================================
Received Import Request.
  Time since last request: 0.003037 seconds.
  path: Assets/Prefabs/CoreGame/Gun.prefab
  artifactKey: Guid(74a11d183f0b3c941ba38294b68465f4) Importer(815301076,1909f56bfc062723c751e8b465ee728b)
Start importing Assets/Prefabs/CoreGame/Gun.prefab using Guid(74a11d183f0b3c941ba38294b68465f4) Importer(815301076,1909f56bfc062723c751e8b465ee728b)  -> (artifact id: '82fbef0978a10a77839c9c7a2fd181bd') in 0.002234 seconds
  Import took 0.004567 seconds .

========================================================================
Received Import Request.
  Time since last request: 3.214773 seconds.
  path: Assets/Prefabs/CoreGame/Gun.prefab
  artifactKey: Guid(74a11d183f0b3c941ba38294b68465f4) Importer(815301076,1909f56bfc062723c751e8b465ee728b)
Start importing Assets/Prefabs/CoreGame/Gun.prefab using Guid(74a11d183f0b3c941ba38294b68465f4) Importer(815301076,1909f56bfc062723c751e8b465ee728b)  -> (artifact id: '48f2ab66532928f2bf2c35726ddfd260') in 0.002156 seconds
  Import took 0.004570 seconds .

========================================================================
Received Import Request.
  Time since last request: 0.003031 seconds.
  path: Assets/Prefabs/CoreGame/Gun.prefab
  artifactKey: Guid(74a11d183f0b3c941ba38294b68465f4) Importer(815301076,1909f56bfc062723c751e8b465ee728b)
Start importing Assets/Prefabs/CoreGame/Gun.prefab using Guid(74a11d183f0b3c941ba38294b68465f4) Importer(815301076,1909f56bfc062723c751e8b465ee728b)  -> (artifact id: '48f2ab66532928f2bf2c35726ddfd260') in 0.002875 seconds
  Import took 0.005207 seconds .

========================================================================
Received Import Request.
  Time since last request: 8.933561 seconds.
  path: Assets/Prefabs/CoreGame/Gun.prefab
  artifactKey: Guid(74a11d183f0b3c941ba38294b68465f4) Importer(815301076,1909f56bfc062723c751e8b465ee728b)
Start importing Assets/Prefabs/CoreGame/Gun.prefab using Guid(74a11d183f0b3c941ba38294b68465f4) Importer(815301076,1909f56bfc062723c751e8b465ee728b)  -> (artifact id: 'e11553718cfb850ff95cb62a0da8574c') in 0.002588 seconds
  Import took 0.005411 seconds .

========================================================================
Received Import Request.
  Time since last request: 0.003116 seconds.
  path: Assets/Prefabs/CoreGame/Gun.prefab
  artifactKey: Guid(74a11d183f0b3c941ba38294b68465f4) Importer(815301076,1909f56bfc062723c751e8b465ee728b)
Start importing Assets/Prefabs/CoreGame/Gun.prefab using Guid(74a11d183f0b3c941ba38294b68465f4) Importer(815301076,1909f56bfc062723c751e8b465ee728b)  -> (artifact id: 'e11553718cfb850ff95cb62a0da8574c') in 0.002211 seconds
  Import took 0.004598 seconds .

========================================================================
Received Import Request.
  Time since last request: 145.501433 seconds.
  path: Assets/Prefabs/Defenders/Cactus.prefab
  artifactKey: Guid(b7e750cc0aa9fdd4fb9cfeda58f8174d) Importer(815301076,1909f56bfc062723c751e8b465ee728b)
Start importing Assets/Prefabs/Defenders/Cactus.prefab using Guid(b7e750cc0aa9fdd4fb9cfeda58f8174d) Importer(815301076,1909f56bfc062723c751e8b465ee728b)  -> (artifact id: '218f27dee0e47977b94c46628e2a083c') in 0.018035 seconds
  Import took 0.020574 seconds .

========================================================================
Received Import Request.
  Time since last request: 0.003670 seconds.
  path: Assets/Prefabs/Defenders/Cactus.prefab
  artifactKey: Guid(b7e750cc0aa9fdd4fb9cfeda58f8174d) Importer(815301076,1909f56bfc062723c751e8b465ee728b)
Start importing Assets/Prefabs/Defenders/Cactus.prefab using Guid(b7e750cc0aa9fdd4fb9cfeda58f8174d) Importer(815301076,1909f56bfc062723c751e8b465ee728b)  -> (artifact id: '218f27dee0e47977b94c46628e2a083c') in 0.015099 seconds
  Import took 0.017583 seconds .

========================================================================
Received Import Request.
  Time since last request: 8.941449 seconds.
  path: Assets/Prefabs/Defenders/Gnome.prefab
  artifactKey: Guid(67175cb04c1e6cb4eae3aaa1ca0f750f) Importer(815301076,1909f56bfc062723c751e8b465ee728b)
Start importing Assets/Prefabs/Defenders/Gnome.prefab using Guid(67175cb04c1e6cb4eae3aaa1ca0f750f) Importer(815301076,1909f56bfc062723c751e8b465ee728b)  -> (artifact id: '66c51d678a2e16ff0fca98b7fffecf0f') in 0.007554 seconds
  Import took 0.010264 seconds .

========================================================================
Received Import Request.
  Time since last request: 0.003171 seconds.
  path: Assets/Prefabs/Defenders/Gnome.prefab
  artifactKey: Guid(67175cb04c1e6cb4eae3aaa1ca0f750f) Importer(815301076,1909f56bfc062723c751e8b465ee728b)
Start importing Assets/Prefabs/Defenders/Gnome.prefab using Guid(67175cb04c1e6cb4eae3aaa1ca0f750f) Importer(815301076,1909f56bfc062723c751e8b465ee728b)  -> (artifact id: '66c51d678a2e16ff0fca98b7fffecf0f') in 0.007143 seconds
  Import took 0.009620 seconds .

========================================================================
Received Prepare
Registering precompiled user dll's ...
Registered in 0.000687 seconds.
Begin MonoManager ReloadAssembly
Native extension for WindowsStandalone target not found
Refreshing native plugins compatible for Editor in 0.28 ms, found 1 plugins.
Preloading 0 native plugins for Editor in 0.00 ms.
Invoked RoslynAnalysisRunner static constructor.
RoslynAnalysisRunner will not be running.
RoslynAnalysisRunner has terminated.
Mono: successfully reloaded assembly
- Completed reload, in  0.718 seconds
Platform modules already initialized, skipping
Refreshing native plugins compatible for Editor in 0.28 ms, found 1 plugins.
Preloading 0 native plugins for Editor in 0.00 ms.
Unloading 1797 Unused Serialized files (Serialized files now loaded: 0)
System memory in use before: 90.1 MB.
System memory in use after: 90.1 MB.

Unloading 12 unused Assets to reduce memory usage. Loaded Objects now: 2335.
Total: 1.683300 ms (FindLiveObjects: 0.156500 ms CreateObjectMapping: 0.066400 ms MarkObjects: 1.379400 ms  DeleteObjects: 0.079800 ms)

========================================================================
Received Prepare
Registering precompiled user dll's ...
Registered in 0.000582 seconds.
Begin MonoManager ReloadAssembly
Native extension for WindowsStandalone target not found
Refreshing native plugins compatible for Editor in 0.31 ms, found 1 plugins.
Preloading 0 native plugins for Editor in 0.00 ms.
Invoked RoslynAnalysisRunner static constructor.
RoslynAnalysisRunner will not be running.
RoslynAnalysisRunner has terminated.
Mono: successfully reloaded assembly
- Completed reload, in  0.639 seconds
Platform modules already initialized, skipping
Refreshing native plugins compatible for Editor in 0.27 ms, found 1 plugins.
Preloading 0 native plugins for Editor in 0.00 ms.
Unloading 1797 Unused Serialized files (Serialized files now loaded: 0)
System memory in use before: 90.1 MB.
System memory in use after: 90.1 MB.

Unloading 12 unused Assets to reduce memory usage. Loaded Objects now: 2338.
Total: 1.665700 ms (FindLiveObjects: 0.149600 ms CreateObjectMapping: 0.065000 ms MarkObjects: 1.367400 ms  DeleteObjects: 0.083100 ms)

========================================================================
Received Prepare
Registering precompiled user dll's ...
Registered in 0.000601 seconds.
Begin MonoManager ReloadAssembly
Native extension for WindowsStandalone target not found
Refreshing native plugins compatible for Editor in 0.27 ms, found 1 plugins.
Preloading 0 native plugins for Editor in 0.00 ms.
Invoked RoslynAnalysisRunner static constructor.
RoslynAnalysisRunner will not be running.
RoslynAnalysisRunner has terminated.
Mono: successfully reloaded assembly
- Completed reload, in  0.630 seconds
Platform modules already initialized, skipping
Refreshing native plugins compatible for Editor in 0.27 ms, found 1 plugins.
Preloading 0 native plugins for Editor in 0.00 ms.
Unloading 1797 Unused Serialized files (Serialized files now loaded: 0)
System memory in use before: 89.4 MB.
System memory in use after: 89.4 MB.

Unloading 12 unused Assets to reduce memory usage. Loaded Objects now: 2341.
Total: 1.612100 ms (FindLiveObjects: 0.164500 ms CreateObjectMapping: 0.057100 ms MarkObjects: 1.303100 ms  DeleteObjects: 0.086700 ms)

========================================================================
Received Prepare
Registering precompiled user dll's ...
Registered in 0.000605 seconds.
Begin MonoManager ReloadAssembly
Native extension for WindowsStandalone target not found
Refreshing native plugins compatible for Editor in 0.29 ms, found 1 plugins.
Preloading 0 native plugins for Editor in 0.00 ms.
Invoked RoslynAnalysisRunner static constructor.
RoslynAnalysisRunner will not be running.
RoslynAnalysisRunner has terminated.
Mono: successfully reloaded assembly
- Completed reload, in  0.633 seconds
Platform modules already initialized, skipping
Refreshing native plugins compatible for Editor in 0.26 ms, found 1 plugins.
Preloading 0 native plugins for Editor in 0.00 ms.
Unloading 1797 Unused Serialized files (Serialized files now loaded: 0)
System memory in use before: 89.6 MB.
System memory in use after: 89.6 MB.

Unloading 12 unused Assets to reduce memory usage. Loaded Objects now: 2344.
Total: 1.563200 ms (FindLiveObjects: 0.146500 ms CreateObjectMapping: 0.059100 ms MarkObjects: 1.276700 ms  DeleteObjects: 0.080100 ms)

========================================================================
Received Import Request.
  Time since last request: 137.576287 seconds.
  path: Assets/Prefabs/Defenders/Gnome.prefab
  artifactKey: Guid(67175cb04c1e6cb4eae3aaa1ca0f750f) Importer(815301076,1909f56bfc062723c751e8b465ee728b)
Start importing Assets/Prefabs/Defenders/Gnome.prefab using Guid(67175cb04c1e6cb4eae3aaa1ca0f750f) Importer(815301076,1909f56bfc062723c751e8b465ee728b)  -> (artifact id: '247885979886dcb2dd2e0188ff0d0e91') in 0.044101 seconds
  Import took 0.046803 seconds .

========================================================================
Received Import Request.
  Time since last request: 98.371098 seconds.
  path: Assets/Animations/Defenders/Axe Throw.anim
  artifactKey: Guid(ca50339e609751540b926a804ad7f07c) Importer(815301076,1909f56bfc062723c751e8b465ee728b)
Start importing Assets/Animations/Defenders/Axe Throw.anim using Guid(ca50339e609751540b926a804ad7f07c) Importer(815301076,1909f56bfc062723c751e8b465ee728b)  -> (artifact id: 'e08bb42a15d9c2b9a81081c7a3a8f7a8') in 0.001902 seconds
  Import took 0.004220 seconds .

========================================================================
Received Import Request.
  Time since last request: 0.005243 seconds.
  path: Assets/Animations/Defenders/Axe Throw.anim
  artifactKey: Guid(ca50339e609751540b926a804ad7f07c) Importer(815301076,1909f56bfc062723c751e8b465ee728b)
Start importing Assets/Animations/Defenders/Axe Throw.anim using Guid(ca50339e609751540b926a804ad7f07c) Importer(815301076,1909f56bfc062723c751e8b465ee728b)  -> (artifact id: 'e08bb42a15d9c2b9a81081c7a3a8f7a8') in 0.001662 seconds
  Import took 0.003990 seconds .

========================================================================
Received Prepare
Registering precompiled user dll's ...
Registered in 0.000629 seconds.
Begin MonoManager ReloadAssembly
Native extension for WindowsStandalone target not found
Refreshing native plugins compatible for Editor in 0.29 ms, found 1 plugins.
Preloading 0 native plugins for Editor in 0.00 ms.
Invoked RoslynAnalysisRunner static constructor.
RoslynAnalysisRunner will not be running.
RoslynAnalysisRunner has terminated.
Mono: successfully reloaded assembly
- Completed reload, in  0.633 seconds
Platform modules already initialized, skipping
Refreshing native plugins compatible for Editor in 0.28 ms, found 1 plugins.
Preloading 0 native plugins for Editor in 0.00 ms.
Unloading 1797 Unused Serialized files (Serialized files now loaded: 0)
System memory in use before: 89.8 MB.
System memory in use after: 89.8 MB.

Unloading 12 unused Assets to reduce memory usage. Loaded Objects now: 2348.
Total: 1.683800 ms (FindLiveObjects: 0.152900 ms CreateObjectMapping: 0.053400 ms MarkObjects: 1.392400 ms  DeleteObjects: 0.084400 ms)

========================================================================
Received Import Request.
  Time since last request: 105.364307 seconds.
  path: Assets/Prefabs/Defenders/Gnome.prefab
  artifactKey: Guid(67175cb04c1e6cb4eae3aaa1ca0f750f) Importer(815301076,1909f56bfc062723c751e8b465ee728b)
Start importing Assets/Prefabs/Defenders/Gnome.prefab using Guid(67175cb04c1e6cb4eae3aaa1ca0f750f) Importer(815301076,1909f56bfc062723c751e8b465ee728b)  -> (artifact id: '6b4e6c32d6d490e23425c682e65e3330') in 0.042597 seconds
  Import took 0.045256 seconds .

========================================================================
Received Prepare
Registering precompiled user dll's ...
Registered in 0.000592 seconds.
Begin MonoManager ReloadAssembly
Native extension for WindowsStandalone target not found
Refreshing native plugins compatible for Editor in 0.28 ms, found 1 plugins.
Preloading 0 native plugins for Editor in 0.00 ms.
Invoked RoslynAnalysisRunner static constructor.
RoslynAnalysisRunner will not be running.
RoslynAnalysisRunner has terminated.
Mono: successfully reloaded assembly
- Completed reload, in  0.646 seconds
Platform modules already initialized, skipping
Refreshing native plugins compatible for Editor in 0.26 ms, found 1 plugins.
Preloading 0 native plugins for Editor in 0.00 ms.
Unloading 1797 Unused Serialized files (Serialized files now loaded: 0)
System memory in use before: 89.9 MB.
System memory in use after: 89.9 MB.

Unloading 12 unused Assets to reduce memory usage. Loaded Objects now: 2352.
Total: 1.581400 ms (FindLiveObjects: 0.154700 ms CreateObjectMapping: 0.055400 ms MarkObjects: 1.291300 ms  DeleteObjects: 0.079300 ms)

========================================================================
Received Import Request.
  Time since last request: 63.250782 seconds.
  path: Assets/Prefabs/Defenders/Gnome.prefab
  artifactKey: Guid(67175cb04c1e6cb4eae3aaa1ca0f750f) Importer(815301076,1909f56bfc062723c751e8b465ee728b)
Start importing Assets/Prefabs/Defenders/Gnome.prefab using Guid(67175cb04c1e6cb4eae3aaa1ca0f750f) Importer(815301076,1909f56bfc062723c751e8b465ee728b)  -> (artifact id: 'a60b2378de9e9817a9e12b4fd57d4f8e') in 0.047417 seconds
  Import took 0.050161 seconds .

========================================================================
Received Import Request.
  Time since last request: 3.346061 seconds.
  path: Assets/Prefabs/Defenders/Gnome.prefab
  artifactKey: Guid(67175cb04c1e6cb4eae3aaa1ca0f750f) Importer(815301076,1909f56bfc062723c751e8b465ee728b)
Start importing Assets/Prefabs/Defenders/Gnome.prefab using Guid(67175cb04c1e6cb4eae3aaa1ca0f750f) Importer(815301076,1909f56bfc062723c751e8b465ee728b)  -> (artifact id: '2cc5f25434c674592de31cb8b67f6ec0') in 0.007734 seconds
  Import took 0.010485 seconds .

========================================================================
Received Import Request.
  Time since last request: 0.004444 seconds.
  path: Assets/Prefabs/Defenders/Gnome.prefab
  artifactKey: Guid(67175cb04c1e6cb4eae3aaa1ca0f750f) Importer(815301076,1909f56bfc062723c751e8b465ee728b)
Start importing Assets/Prefabs/Defenders/Gnome.prefab using Guid(67175cb04c1e6cb4eae3aaa1ca0f750f) Importer(815301076,1909f56bfc062723c751e8b465ee728b)  -> (artifact id: '2cc5f25434c674592de31cb8b67f6ec0') in 0.006794 seconds
  Import took 0.009749 seconds .

========================================================================
Received Import Request.
  Time since last request: 17.348006 seconds.
  path: Assets/Prefabs/Defenders/Gnome.prefab
  artifactKey: Guid(67175cb04c1e6cb4eae3aaa1ca0f750f) Importer(815301076,1909f56bfc062723c751e8b465ee728b)
Start importing Assets/Prefabs/Defenders/Gnome.prefab using Guid(67175cb04c1e6cb4eae3aaa1ca0f750f) Importer(815301076,1909f56bfc062723c751e8b465ee728b)  -> (artifact id: '65ee333b2875199ab0a1169b96cd30da') in 0.011376 seconds
  Import took 0.013918 seconds .

========================================================================
Received Import Request.
  Time since last request: 40.385756 seconds.
  path: Assets/Prefabs/Defenders/Gnome.prefab
  artifactKey: Guid(67175cb04c1e6cb4eae3aaa1ca0f750f) Importer(815301076,1909f56bfc062723c751e8b465ee728b)
Start importing Assets/Prefabs/Defenders/Gnome.prefab using Guid(67175cb04c1e6cb4eae3aaa1ca0f750f) Importer(815301076,1909f56bfc062723c751e8b465ee728b)  -> (artifact id: '7a604f49dd7beb8b1ff27af274511ff1') in 0.007491 seconds
  Import took 0.010570 seconds .

========================================================================
Received Prepare
Registering precompiled user dll's ...
Registered in 0.000625 seconds.
Begin MonoManager ReloadAssembly
Native extension for WindowsStandalone target not found
Refreshing native plugins compatible for Editor in 0.27 ms, found 1 plugins.
Preloading 0 native plugins for Editor in 0.00 ms.
Invoked RoslynAnalysisRunner static constructor.
RoslynAnalysisRunner will not be running.
RoslynAnalysisRunner has terminated.
Mono: successfully reloaded assembly
- Completed reload, in  0.647 seconds
Platform modules already initialized, skipping
Refreshing native plugins compatible for Editor in 0.27 ms, found 1 plugins.
Preloading 0 native plugins for Editor in 0.00 ms.
Unloading 1797 Unused Serialized files (Serialized files now loaded: 0)
System memory in use before: 90.1 MB.
System memory in use after: 90.1 MB.

Unloading 12 unused Assets to reduce memory usage. Loaded Objects now: 2356.
Total: 1.574300 ms (FindLiveObjects: 0.132800 ms CreateObjectMapping: 0.045100 ms MarkObjects: 1.313300 ms  DeleteObjects: 0.082400 ms)

========================================================================
Received Import Request.
  Time since last request: 405.042031 seconds.
  path: Assets/Prefabs/Projectiles/Axe.prefab
  artifactKey: Guid(ee2ef09237e236848adfeb962c1c958f) Importer(815301076,1909f56bfc062723c751e8b465ee728b)
Start importing Assets/Prefabs/Projectiles/Axe.prefab using Guid(ee2ef09237e236848adfeb962c1c958f) Importer(815301076,1909f56bfc062723c751e8b465ee728b)  -> (artifact id: '3aaeb4940db5ad77868fa0be46837208') in 0.043875 seconds
  Import took 0.046834 seconds .

========================================================================
Received Import Request.
  Time since last request: 3.942523 seconds.
  path: Assets/Prefabs/Projectiles/Axe.prefab
  artifactKey: Guid(ee2ef09237e236848adfeb962c1c958f) Importer(815301076,1909f56bfc062723c751e8b465ee728b)
Start importing Assets/Prefabs/Projectiles/Axe.prefab using Guid(ee2ef09237e236848adfeb962c1c958f) Importer(815301076,1909f56bfc062723c751e8b465ee728b)  -> (artifact id: '9d49dac5ab19f025ee4d80cd10023478') in 0.006279 seconds
  Import took 0.008975 seconds .

========================================================================
Received Import Request.
  Time since last request: 0.003379 seconds.
  path: Assets/Prefabs/Projectiles/Axe.prefab
  artifactKey: Guid(ee2ef09237e236848adfeb962c1c958f) Importer(815301076,1909f56bfc062723c751e8b465ee728b)
Start importing Assets/Prefabs/Projectiles/Axe.prefab using Guid(ee2ef09237e236848adfeb962c1c958f) Importer(815301076,1909f56bfc062723c751e8b465ee728b)  -> (artifact id: '9d49dac5ab19f025ee4d80cd10023478') in 0.005710 seconds
  Import took 0.008350 seconds .

========================================================================
Received Import Request.
  Time since last request: 30.366468 seconds.
  path: Assets/Prefabs/Projectiles/Axe.prefab
  artifactKey: Guid(ee2ef09237e236848adfeb962c1c958f) Importer(815301076,1909f56bfc062723c751e8b465ee728b)
Start importing Assets/Prefabs/Projectiles/Axe.prefab using Guid(ee2ef09237e236848adfeb962c1c958f) Importer(815301076,1909f56bfc062723c751e8b465ee728b)  -> (artifact id: 'bc71e882c63bf8707aaf4b4af0d28101') in 0.005448 seconds
  Import took 0.008539 seconds .

========================================================================
Received Import Request.
  Time since last request: 0.002547 seconds.
  path: Assets/Prefabs/Projectiles/Axe.prefab
  artifactKey: Guid(ee2ef09237e236848adfeb962c1c958f) Importer(815301076,1909f56bfc062723c751e8b465ee728b)
Start importing Assets/Prefabs/Projectiles/Axe.prefab using Guid(ee2ef09237e236848adfeb962c1c958f) Importer(815301076,1909f56bfc062723c751e8b465ee728b)  -> (artifact id: 'bc71e882c63bf8707aaf4b4af0d28101') in 0.006021 seconds
  Import took 0.008787 seconds .

========================================================================
Received Import Request.
  Time since last request: 6.249353 seconds.
  path: Assets/Animations/Defenders/Animators/Axe.controller
  artifactKey: Guid(b9b8e0ee51e55f340985b05be9f16445) Importer(815301076,1909f56bfc062723c751e8b465ee728b)
Start importing Assets/Animations/Defenders/Animators/Axe.controller using Guid(b9b8e0ee51e55f340985b05be9f16445) Importer(815301076,1909f56bfc062723c751e8b465ee728b)  -> (artifact id: '824da7a8694b99c09dd360628bde072f') in 0.001808 seconds
  Import took 0.004228 seconds .

========================================================================
Received Prepare
Registering precompiled user dll's ...
Registered in 0.000622 seconds.
Begin MonoManager ReloadAssembly
Native extension for WindowsStandalone target not found
Refreshing native plugins compatible for Editor in 0.27 ms, found 1 plugins.
Preloading 0 native plugins for Editor in 0.00 ms.
Invoked RoslynAnalysisRunner static constructor.
RoslynAnalysisRunner will not be running.
RoslynAnalysisRunner has terminated.
Mono: successfully reloaded assembly
- Completed reload, in  0.649 seconds
Platform modules already initialized, skipping
Refreshing native plugins compatible for Editor in 0.27 ms, found 1 plugins.
Preloading 0 native plugins for Editor in 0.00 ms.
Unloading 1797 Unused Serialized files (Serialized files now loaded: 0)
System memory in use before: 90.2 MB.
System memory in use after: 90.2 MB.

Unloading 12 unused Assets to reduce memory usage. Loaded Objects now: 2360.
Total: 1.808900 ms (FindLiveObjects: 0.160100 ms CreateObjectMapping: 0.053200 ms MarkObjects: 1.507000 ms  DeleteObjects: 0.088100 ms)

========================================================================
Received Prepare
Registering precompiled user dll's ...
Registered in 0.000590 seconds.
Begin MonoManager ReloadAssembly
Native extension for WindowsStandalone target not found
Refreshing native plugins compatible for Editor in 0.27 ms, found 1 plugins.
Preloading 0 native plugins for Editor in 0.00 ms.
Invoked RoslynAnalysisRunner static constructor.
RoslynAnalysisRunner will not be running.
RoslynAnalysisRunner has terminated.
Mono: successfully reloaded assembly
- Completed reload, in  0.627 seconds
Platform modules already initialized, skipping
Refreshing native plugins compatible for Editor in 0.29 ms, found 1 plugins.
Preloading 0 native plugins for Editor in 0.00 ms.
Unloading 1797 Unused Serialized files (Serialized files now loaded: 0)
System memory in use before: 89.5 MB.
System memory in use after: 89.5 MB.

Unloading 12 unused Assets to reduce memory usage. Loaded Objects now: 2363.
Total: 1.518300 ms (FindLiveObjects: 0.150700 ms CreateObjectMapping: 0.055200 ms MarkObjects: 1.231100 ms  DeleteObjects: 0.079900 ms)

========================================================================
Received Prepare
Registering precompiled user dll's ...
Registered in 0.000606 seconds.
Begin MonoManager ReloadAssembly
Native extension for WindowsStandalone target not found
Refreshing native plugins compatible for Editor in 0.29 ms, found 1 plugins.
Preloading 0 native plugins for Editor in 0.00 ms.
Invoked RoslynAnalysisRunner static constructor.
RoslynAnalysisRunner will not be running.
RoslynAnalysisRunner has terminated.
Mono: successfully reloaded assembly
- Completed reload, in  0.625 seconds
Platform modules already initialized, skipping
Refreshing native plugins compatible for Editor in 0.26 ms, found 1 plugins.
Preloading 0 native plugins for Editor in 0.00 ms.
Unloading 1797 Unused Serialized files (Serialized files now loaded: 0)
System memory in use before: 89.6 MB.
System memory in use after: 89.6 MB.

Unloading 12 unused Assets to reduce memory usage. Loaded Objects now: 2366.
Total: 1.728700 ms (FindLiveObjects: 0.139400 ms CreateObjectMapping: 0.050000 ms MarkObjects: 1.453800 ms  DeleteObjects: 0.084900 ms)

========================================================================
Received Import Request.
  Time since last request: 221.390644 seconds.
  path: Assets/Animations/Defenders/Gnome Idle.anim
  artifactKey: Guid(d5447d776f93eb94f8c2eb749f2d1273) Importer(815301076,1909f56bfc062723c751e8b465ee728b)
Start importing Assets/Animations/Defenders/Gnome Idle.anim using Guid(d5447d776f93eb94f8c2eb749f2d1273) Importer(815301076,1909f56bfc062723c751e8b465ee728b)  -> (artifact id: '9a43cab29df3fa7a57064dc6349cd2a5') in 0.012283 seconds
  Import took 0.015402 seconds .

========================================================================
Received Import Request.
  Time since last request: 1.766333 seconds.
  path: Assets/Animations/Defenders/Gnome Hop.anim
  artifactKey: Guid(19d2ede9f54dd974f93fd2dc1893e796) Importer(815301076,1909f56bfc062723c751e8b465ee728b)
Start importing Assets/Animations/Defenders/Gnome Hop.anim using Guid(19d2ede9f54dd974f93fd2dc1893e796) Importer(815301076,1909f56bfc062723c751e8b465ee728b)  -> (artifact id: 'b1c57be614bd165afac5220a9debd2c0') in 0.006734 seconds
  Import took 0.009287 seconds .

========================================================================
Received Import Request.
  Time since last request: 3.062556 seconds.
  path: Assets/Animations/Defenders/Cactus Fire.anim
  artifactKey: Guid(6db0d359804f37a47a2273d32203e920) Importer(815301076,1909f56bfc062723c751e8b465ee728b)
Start importing Assets/Animations/Defenders/Cactus Fire.anim using Guid(6db0d359804f37a47a2273d32203e920) Importer(815301076,1909f56bfc062723c751e8b465ee728b)  -> (artifact id: 'a73c9fdff018ddafd70da460a28321c4') in 0.002843 seconds
  Import took 0.006247 seconds .

========================================================================
Received Import Request.
  Time since last request: 234.478374 seconds.
  path: Assets/Prefabs/Projectiles/Axe.prefab
  artifactKey: Guid(ee2ef09237e236848adfeb962c1c958f) Importer(815301076,1909f56bfc062723c751e8b465ee728b)
Start importing Assets/Prefabs/Projectiles/Axe.prefab using Guid(ee2ef09237e236848adfeb962c1c958f) Importer(815301076,1909f56bfc062723c751e8b465ee728b)  -> (artifact id: '7b4d5de7a075b1f1b744a7b4049d8a28') in 0.035940 seconds
  Import took 0.039214 seconds .

========================================================================
Received Prepare
Registering precompiled user dll's ...
Registered in 0.000601 seconds.
Begin MonoManager ReloadAssembly
Native extension for WindowsStandalone target not found
Refreshing native plugins compatible for Editor in 0.29 ms, found 1 plugins.
Preloading 0 native plugins for Editor in 0.00 ms.
Invoked RoslynAnalysisRunner static constructor.
RoslynAnalysisRunner will not be running.
RoslynAnalysisRunner has terminated.
Mono: successfully reloaded assembly
- Completed reload, in  0.639 seconds
Platform modules already initialized, skipping
Refreshing native plugins compatible for Editor in 0.26 ms, found 1 plugins.
Preloading 0 native plugins for Editor in 0.00 ms.
Unloading 1797 Unused Serialized files (Serialized files now loaded: 0)
System memory in use before: 89.8 MB.
System memory in use after: 89.8 MB.

Unloading 12 unused Assets to reduce memory usage. Loaded Objects now: 2370.
Total: 1.552300 ms (FindLiveObjects: 0.140400 ms CreateObjectMapping: 0.054400 ms MarkObjects: 1.274500 ms  DeleteObjects: 0.082400 ms)

========================================================================
Received Prepare
Registering precompiled user dll's ...
Registered in 0.000598 seconds.
Begin MonoManager ReloadAssembly
Native extension for WindowsStandalone target not found
Refreshing native plugins compatible for Editor in 0.27 ms, found 1 plugins.
Preloading 0 native plugins for Editor in 0.00 ms.
Invoked RoslynAnalysisRunner static constructor.
RoslynAnalysisRunner will not be running.
RoslynAnalysisRunner has terminated.
Mono: successfully reloaded assembly
- Completed reload, in  0.639 seconds
Platform modules already initialized, skipping
Refreshing native plugins compatible for Editor in 0.28 ms, found 1 plugins.
Preloading 0 native plugins for Editor in 0.00 ms.
Unloading 1797 Unused Serialized files (Serialized files now loaded: 0)
System memory in use before: 90.0 MB.
System memory in use after: 90.0 MB.

Unloading 12 unused Assets to reduce memory usage. Loaded Objects now: 2373.
Total: 1.642300 ms (FindLiveObjects: 0.149800 ms CreateObjectMapping: 0.057200 ms MarkObjects: 1.350200 ms  DeleteObjects: 0.084400 ms)

========================================================================
Received Prepare
Registering precompiled user dll's ...
Registered in 0.000653 seconds.
Begin MonoManager ReloadAssembly
Native extension for WindowsStandalone target not found
Refreshing native plugins compatible for Editor in 0.27 ms, found 1 plugins.
Preloading 0 native plugins for Editor in 0.00 ms.
Invoked RoslynAnalysisRunner static constructor.
RoslynAnalysisRunner will not be running.
RoslynAnalysisRunner has terminated.
Mono: successfully reloaded assembly
- Completed reload, in  0.649 seconds
Platform modules already initialized, skipping
Refreshing native plugins compatible for Editor in 0.26 ms, found 1 plugins.
Preloading 0 native plugins for Editor in 0.00 ms.
Unloading 1797 Unused Serialized files (Serialized files now loaded: 0)
System memory in use before: 90.2 MB.
System memory in use after: 90.2 MB.

Unloading 12 unused Assets to reduce memory usage. Loaded Objects now: 2376.
Total: 1.874600 ms (FindLiveObjects: 0.189100 ms CreateObjectMapping: 0.069500 ms MarkObjects: 1.526300 ms  DeleteObjects: 0.089100 ms)

========================================================================
Received Import Request.
  Time since last request: 171.993182 seconds.
  path: Assets/Sprites/Gnome/Gnome Hop.png
  artifactKey: Guid(fe4331af59b32a54fb1990c99b78f5e8) Importer(815301076,1909f56bfc062723c751e8b465ee728b)
Start importing Assets/Sprites/Gnome/Gnome Hop.png using Guid(fe4331af59b32a54fb1990c99b78f5e8) Importer(815301076,1909f56bfc062723c751e8b465ee728b)  -> (artifact id: '8f68d7f783446fdca195817651022fcb') in 0.059719 seconds
  Import took 0.062220 seconds .

========================================================================
Received Import Request.
  Time since last request: 3.142710 seconds.
  path: Assets/Sprites/Gnome/Gnome Idle.png
  artifactKey: Guid(1af6fe4191b474043aff6537d3483e6a) Importer(815301076,1909f56bfc062723c751e8b465ee728b)
Start importing Assets/Sprites/Gnome/Gnome Idle.png using Guid(1af6fe4191b474043aff6537d3483e6a) Importer(815301076,1909f56bfc062723c751e8b465ee728b)  -> (artifact id: 'a2fe7afa893fa021da472290d3e990e5') in 0.020840 seconds
  Import took 0.023190 seconds .

AssetImportWorkerClient::OnTransportError - code=2 error=End of file
