Using pre-set license
Built from '2020.2/release' branch; Version is '2020.2.2f1 (068178b99f32) revision 426360'; Using compiler version '192528614'; Build Type 'Release'
OS: 'Windows 10 Education; OS build 18363.1500; Version 1909; 64bit' Language: 'en' Physical Memory: 16299 MB
BatchMode: 1, IsHumanControllingUs: 0, StartBugReporterOnCrash: 0, Is64bit: 1, IsPro: 0

 COMMAND LINE ARGUMENTS:
D:\Unity\2020.2.2f1\Editor\Unity.exe
-adb2
-batchMode
-noUpm
-name
AssetImportWorker0
-projectPath
D:/Unity/Projects/GlitchGarden/GlitchGarden
-logFile
Logs/AssetImportWorker0.log
-srvPort
52335
Successfully changed project path to: D:/Unity/Projects/GlitchGarden/GlitchGarden
D:/Unity/Projects/GlitchGarden/GlitchGarden
Using Asset Import Pipeline V2.
Refreshing native plugins compatible for Editor in 30.19 ms, found 1 plugins.
Preloading 0 native plugins for Editor in 0.00 ms.
Initialize engine version: 2020.2.2f1 (068178b99f32)
[Subsystems] Discovering subsystems at path D:/Unity/2020.2.2f1/Editor/Data/Resources/UnitySubsystems
[Subsystems] Discovering subsystems at path D:/Unity/Projects/GlitchGarden/GlitchGarden/Assets
GfxDevice: creating device client; threaded=0
Direct3D:
    Version:  Direct3D 11.0 [level 11.1]
    Renderer: Radeon RX 580 Series (ID=0x67df)
    Vendor:   
    VRAM:     8171 MB
    Driver:   27.20.14501.18003
Initialize mono
Mono path[0] = 'D:/Unity/2020.2.2f1/Editor/Data/Managed'
Mono path[1] = 'D:/Unity/2020.2.2f1/Editor/Data/MonoBleedingEdge/lib/mono/unityjit'
Mono config path = 'D:/Unity/2020.2.2f1/Editor/Data/MonoBleedingEdge/etc'
Using monoOptions --debugger-agent=transport=dt_socket,embedding=1,server=y,suspend=n,address=127.0.0.1:56624
Begin MonoManager ReloadAssembly
Registering precompiled unity dll's ...
Register platform support module: D:/Unity/2020.2.2f1/Editor/Data/PlaybackEngines/WindowsStandaloneSupport/UnityEditor.WindowsStandalone.Extensions.dll
Registered in 0.000751 seconds.
Native extension for WindowsStandalone target not found
Refreshing native plugins compatible for Editor in 29.61 ms, found 1 plugins.
Preloading 0 native plugins for Editor in 0.00 ms.
Invoked RoslynAnalysisRunner static constructor.
RoslynAnalysisRunner will not be running.
RoslynAnalysisRunner has terminated.
Mono: successfully reloaded assembly
- Completed reload, in  0.706 seconds
Platform modules already initialized, skipping
Registering precompiled user dll's ...
Registered in 0.000569 seconds.
Begin MonoManager ReloadAssembly
Native extension for WindowsStandalone target not found
Refreshing native plugins compatible for Editor in 30.66 ms, found 1 plugins.
Preloading 0 native plugins for Editor in 0.00 ms.
Invoked RoslynAnalysisRunner static constructor.
RoslynAnalysisRunner will not be running.
RoslynAnalysisRunner has terminated.
Mono: successfully reloaded assembly
- Completed reload, in  0.720 seconds
Platform modules already initialized, skipping
========================================================================
Worker process is ready to serve import requests
Launched and connected shader compiler UnityShaderCompiler.exe after 0.04 seconds
Refreshing native plugins compatible for Editor in 0.27 ms, found 1 plugins.
Preloading 0 native plugins for Editor in 0.00 ms.
Unloading 1805 Unused Serialized files (Serialized files now loaded: 0)
System memory in use before: 84.8 MB.
System memory in use after: 84.8 MB.

Unloading 24 unused Assets to reduce memory usage. Loaded Objects now: 2249.
Total: 1.599100 ms (FindLiveObjects: 0.135600 ms CreateObjectMapping: 0.057500 ms MarkObjects: 1.302700 ms  DeleteObjects: 0.102600 ms)

========================================================================
Received Import Request.
  path: Assets/Prefabs/CoreGame/Spawners.prefab
  artifactKey: Guid(c3c47e90c4c0cf84cad581b4c0380a2c) Importer(815301076,1909f56bfc062723c751e8b465ee728b)
Start importing Assets/Prefabs/CoreGame/Spawners.prefab using Guid(c3c47e90c4c0cf84cad581b4c0380a2c) Importer(815301076,1909f56bfc062723c751e8b465ee728b)  -> (artifact id: '6bea5442746eb8eba6a6a17f7975a705') in 0.068440 seconds
  Import took 0.070930 seconds .

========================================================================
Received Import Request.
  Time since last request: 0.000187 seconds.
  path: Assets/Prefabs/CoreGame/CoreGameArea.prefab
  artifactKey: Guid(4d35a8714a9a37648a2d93007f647e2c) Importer(815301076,1909f56bfc062723c751e8b465ee728b)
Start importing Assets/Prefabs/CoreGame/CoreGameArea.prefab using Guid(4d35a8714a9a37648a2d93007f647e2c) Importer(815301076,1909f56bfc062723c751e8b465ee728b)  -> (artifact id: '17d131bb57f9d77fe97bbd76a84c4338') in 0.007722 seconds
  Import took 0.009835 seconds .

========================================================================
Received Import Request.
  Time since last request: 0.011380 seconds.
  path: Assets/Prefabs/CoreGame/CoreGameArea.prefab
  artifactKey: Guid(4d35a8714a9a37648a2d93007f647e2c) Importer(815301076,1909f56bfc062723c751e8b465ee728b)
Start importing Assets/Prefabs/CoreGame/CoreGameArea.prefab using Guid(4d35a8714a9a37648a2d93007f647e2c) Importer(815301076,1909f56bfc062723c751e8b465ee728b)  -> (artifact id: '17d131bb57f9d77fe97bbd76a84c4338') in 0.001945 seconds
  Import took 0.004259 seconds .

========================================================================
Received Import Request.
  Time since last request: 4.067154 seconds.
  path: Assets/Prefabs/CoreGame/Buttons.prefab
  artifactKey: Guid(30c6bf260c8f489459f7ef9d2896d787) Importer(815301076,1909f56bfc062723c751e8b465ee728b)
Start importing Assets/Prefabs/CoreGame/Buttons.prefab using Guid(30c6bf260c8f489459f7ef9d2896d787) Importer(815301076,1909f56bfc062723c751e8b465ee728b)  -> (artifact id: 'a2ec986348cab013d7cb857c5fa9de70') in 0.074328 seconds
  Import took 0.076943 seconds .

========================================================================
Received Import Request.
  Time since last request: 377.768165 seconds.
  path: Assets/Scripts/Attacker.cs
  artifactKey: Guid(6ac68721ed4a5e44dac050a6e0ecf63d) Importer(815301076,1909f56bfc062723c751e8b465ee728b)
Start importing Assets/Scripts/Attacker.cs using Guid(6ac68721ed4a5e44dac050a6e0ecf63d) Importer(815301076,1909f56bfc062723c751e8b465ee728b)  -> (artifact id: 'f1dba75cff1eeb392a8c92b6e1ee80d0') in 0.013439 seconds
  Import took 0.016314 seconds .

========================================================================
Received Import Request.
  Time since last request: 35.137310 seconds.
  path: Assets/Scripts/PlayerLives.cs
  artifactKey: Guid(739492db7cddc344ea4d7d21c4efb1f4) Importer(815301076,1909f56bfc062723c751e8b465ee728b)
Start importing Assets/Scripts/PlayerLives.cs using Guid(739492db7cddc344ea4d7d21c4efb1f4) Importer(815301076,1909f56bfc062723c751e8b465ee728b)  -> (artifact id: 'aa2130fee70a633d33c0e188732f3f74') in 0.006470 seconds
  Import took 0.009143 seconds .

========================================================================
Received Prepare
Registering precompiled user dll's ...
Registered in 0.000608 seconds.
Begin MonoManager ReloadAssembly
Native extension for WindowsStandalone target not found
Refreshing native plugins compatible for Editor in 0.27 ms, found 1 plugins.
Preloading 0 native plugins for Editor in 0.00 ms.
Invoked RoslynAnalysisRunner static constructor.
RoslynAnalysisRunner will not be running.
RoslynAnalysisRunner has terminated.
Mono: successfully reloaded assembly
- Completed reload, in  0.657 seconds
Platform modules already initialized, skipping
Refreshing native plugins compatible for Editor in 0.26 ms, found 1 plugins.
Preloading 0 native plugins for Editor in 0.00 ms.
Unloading 1801 Unused Serialized files (Serialized files now loaded: 0)
System memory in use before: 88.1 MB.
System memory in use after: 88.1 MB.

Unloading 12 unused Assets to reduce memory usage. Loaded Objects now: 2261.
Total: 1.739700 ms (FindLiveObjects: 0.163100 ms CreateObjectMapping: 0.063500 ms MarkObjects: 1.429600 ms  DeleteObjects: 0.082800 ms)

========================================================================
Received Prepare
Registering precompiled user dll's ...
Registered in 0.000570 seconds.
Begin MonoManager ReloadAssembly
Native extension for WindowsStandalone target not found
Refreshing native plugins compatible for Editor in 0.30 ms, found 1 plugins.
Preloading 0 native plugins for Editor in 0.00 ms.
Invoked RoslynAnalysisRunner static constructor.
RoslynAnalysisRunner will not be running.
RoslynAnalysisRunner has terminated.
Mono: successfully reloaded assembly
- Completed reload, in  0.655 seconds
Platform modules already initialized, skipping
Refreshing native plugins compatible for Editor in 0.27 ms, found 1 plugins.
Preloading 0 native plugins for Editor in 0.00 ms.
Unloading 1801 Unused Serialized files (Serialized files now loaded: 0)
System memory in use before: 88.3 MB.
System memory in use after: 88.3 MB.

Unloading 12 unused Assets to reduce memory usage. Loaded Objects now: 2264.
Total: 1.619200 ms (FindLiveObjects: 0.167100 ms CreateObjectMapping: 0.069400 ms MarkObjects: 1.300200 ms  DeleteObjects: 0.081300 ms)

========================================================================
Received Import Request.
  Time since last request: 262.451005 seconds.
  path: Assets/Scripts/PlayerLives.cs
  artifactKey: Guid(739492db7cddc344ea4d7d21c4efb1f4) Importer(815301076,1909f56bfc062723c751e8b465ee728b)
Start importing Assets/Scripts/PlayerLives.cs using Guid(739492db7cddc344ea4d7d21c4efb1f4) Importer(815301076,1909f56bfc062723c751e8b465ee728b)  -> (artifact id: '684ace1168ed70eb0233e200188414ed') in 0.002897 seconds
  Import took 0.007134 seconds .

========================================================================
Received Import Request.
  Time since last request: 308.373993 seconds.
  path: Assets/Scripts/DamageToPlayer.cs
  artifactKey: Guid(dfd61729223cff246b6c65703b89fdee) Importer(815301076,1909f56bfc062723c751e8b465ee728b)
Start importing Assets/Scripts/DamageToPlayer.cs using Guid(dfd61729223cff246b6c65703b89fdee) Importer(815301076,1909f56bfc062723c751e8b465ee728b)  -> (artifact id: 'afd231266342f888bb2b28b9d9fe1497') in 0.006380 seconds
  Import took 0.009540 seconds .

========================================================================
Received Prepare
Registering precompiled user dll's ...
Registered in 0.000558 seconds.
Begin MonoManager ReloadAssembly
Native extension for WindowsStandalone target not found
Refreshing native plugins compatible for Editor in 0.29 ms, found 1 plugins.
Preloading 0 native plugins for Editor in 0.00 ms.
Invoked RoslynAnalysisRunner static constructor.
RoslynAnalysisRunner will not be running.
RoslynAnalysisRunner has terminated.
Mono: successfully reloaded assembly
- Completed reload, in  0.668 seconds
Platform modules already initialized, skipping
Refreshing native plugins compatible for Editor in 0.27 ms, found 1 plugins.
Preloading 0 native plugins for Editor in 0.00 ms.
Unloading 1802 Unused Serialized files (Serialized files now loaded: 0)
System memory in use before: 88.5 MB.
System memory in use after: 88.5 MB.

Unloading 12 unused Assets to reduce memory usage. Loaded Objects now: 2268.
Total: 1.545000 ms (FindLiveObjects: 0.143900 ms CreateObjectMapping: 0.054500 ms MarkObjects: 1.261400 ms  DeleteObjects: 0.084300 ms)

========================================================================
Received Prepare
Registering precompiled user dll's ...
Registered in 0.000592 seconds.
Begin MonoManager ReloadAssembly
Native extension for WindowsStandalone target not found
Refreshing native plugins compatible for Editor in 0.30 ms, found 1 plugins.
Preloading 0 native plugins for Editor in 0.00 ms.
Invoked RoslynAnalysisRunner static constructor.
RoslynAnalysisRunner will not be running.
RoslynAnalysisRunner has terminated.
Mono: successfully reloaded assembly
- Completed reload, in  0.651 seconds
Platform modules already initialized, skipping
Refreshing native plugins compatible for Editor in 0.26 ms, found 1 plugins.
Preloading 0 native plugins for Editor in 0.00 ms.
Unloading 1802 Unused Serialized files (Serialized files now loaded: 0)
System memory in use before: 88.7 MB.
System memory in use after: 88.7 MB.

Unloading 12 unused Assets to reduce memory usage. Loaded Objects now: 2271.
Total: 1.673200 ms (FindLiveObjects: 0.135100 ms CreateObjectMapping: 0.050100 ms MarkObjects: 1.408800 ms  DeleteObjects: 0.078500 ms)

========================================================================
Received Import Request.
  Time since last request: 161.669444 seconds.
  path: Assets/Scripts/Shooter.cs
  artifactKey: Guid(8d3b4931fef96d447b196f700f0d98c3) Importer(815301076,1909f56bfc062723c751e8b465ee728b)
Start importing Assets/Scripts/Shooter.cs using Guid(8d3b4931fef96d447b196f700f0d98c3) Importer(815301076,1909f56bfc062723c751e8b465ee728b)  -> (artifact id: 'edf3a3dcc1b393806e711e2d4cbdbabd') in 0.006146 seconds
  Import took 0.008494 seconds .

========================================================================
Received Import Request.
  Time since last request: 0.019434 seconds.
  path: Assets/Scripts/Shooter.cs
  artifactKey: Guid(8d3b4931fef96d447b196f700f0d98c3) Importer(815301076,1909f56bfc062723c751e8b465ee728b)
Start importing Assets/Scripts/Shooter.cs using Guid(8d3b4931fef96d447b196f700f0d98c3) Importer(815301076,1909f56bfc062723c751e8b465ee728b)  -> (artifact id: 'edf3a3dcc1b393806e711e2d4cbdbabd') in 0.001222 seconds
  Import took 0.003471 seconds .

========================================================================
Received Prepare
Registering precompiled user dll's ...
Registered in 0.000574 seconds.
Begin MonoManager ReloadAssembly
Native extension for WindowsStandalone target not found
Refreshing native plugins compatible for Editor in 0.29 ms, found 1 plugins.
Preloading 0 native plugins for Editor in 0.00 ms.
Invoked RoslynAnalysisRunner static constructor.
RoslynAnalysisRunner will not be running.
RoslynAnalysisRunner has terminated.
Mono: successfully reloaded assembly
- Completed reload, in  0.648 seconds
Platform modules already initialized, skipping
Refreshing native plugins compatible for Editor in 0.27 ms, found 1 plugins.
Preloading 0 native plugins for Editor in 0.00 ms.
Unloading 1802 Unused Serialized files (Serialized files now loaded: 0)
System memory in use before: 88.8 MB.
System memory in use after: 88.8 MB.

Unloading 12 unused Assets to reduce memory usage. Loaded Objects now: 2274.
Total: 1.847500 ms (FindLiveObjects: 0.139000 ms CreateObjectMapping: 0.054000 ms MarkObjects: 1.564300 ms  DeleteObjects: 0.088800 ms)

========================================================================
Received Import Request.
  Time since last request: 61.110250 seconds.
  path: Assets/Scripts/LevelLoader.cs
  artifactKey: Guid(d90b69ada23bc744cb2f86d227b9cd28) Importer(815301076,1909f56bfc062723c751e8b465ee728b)
Start importing Assets/Scripts/LevelLoader.cs using Guid(d90b69ada23bc744cb2f86d227b9cd28) Importer(815301076,1909f56bfc062723c751e8b465ee728b)  -> (artifact id: 'a9fbf5e72b34cb338d1f0760b4e327ec') in 0.006083 seconds
  Import took 0.008359 seconds .

========================================================================
Received Import Request.
  Time since last request: 10.866641 seconds.
  path: Assets/Scenes/Death Scene.unity
  artifactKey: Guid(4ca22e671089b02429236a779aeea801) Importer(815301076,1909f56bfc062723c751e8b465ee728b)
Start importing Assets/Scenes/Death Scene.unity using Guid(4ca22e671089b02429236a779aeea801) Importer(815301076,1909f56bfc062723c751e8b465ee728b)  -> (artifact id: '21aa11a0157937eb2d082e9887ccaf17') in 0.011216 seconds
  Import took 0.013813 seconds .

========================================================================
Received Import Request.
  Time since last request: 0.000496 seconds.
  path: Assets/Scenes/Death Scene.unity
  artifactKey: Guid(4ca22e671089b02429236a779aeea801) Importer(815301076,1909f56bfc062723c751e8b465ee728b)
Start importing Assets/Scenes/Death Scene.unity using Guid(4ca22e671089b02429236a779aeea801) Importer(815301076,1909f56bfc062723c751e8b465ee728b)  -> (artifact id: '21aa11a0157937eb2d082e9887ccaf17') in 0.001509 seconds
  Import took 0.004130 seconds .

========================================================================
Received Import Request.
  Time since last request: 16.727889 seconds.
  path: Assets/Scenes/Lose Scene.unity
  artifactKey: Guid(4ca22e671089b02429236a779aeea801) Importer(815301076,1909f56bfc062723c751e8b465ee728b)
Start importing Assets/Scenes/Lose Scene.unity using Guid(4ca22e671089b02429236a779aeea801) Importer(815301076,1909f56bfc062723c751e8b465ee728b)  -> (artifact id: 'dd17065f3b2a8af70d954ef778732d97') in 0.006622 seconds
  Import took 0.009424 seconds .

========================================================================
Received Prepare
Registering precompiled user dll's ...
Registered in 0.000602 seconds.
Begin MonoManager ReloadAssembly
Native extension for WindowsStandalone target not found
Refreshing native plugins compatible for Editor in 0.29 ms, found 1 plugins.
Preloading 0 native plugins for Editor in 0.00 ms.
Invoked RoslynAnalysisRunner static constructor.
RoslynAnalysisRunner will not be running.
RoslynAnalysisRunner has terminated.
Mono: successfully reloaded assembly
- Completed reload, in  0.629 seconds
Platform modules already initialized, skipping
Refreshing native plugins compatible for Editor in 0.26 ms, found 1 plugins.
Preloading 0 native plugins for Editor in 0.00 ms.
Unloading 1802 Unused Serialized files (Serialized files now loaded: 0)
System memory in use before: 89.1 MB.
System memory in use after: 89.1 MB.

Unloading 12 unused Assets to reduce memory usage. Loaded Objects now: 2277.
Total: 1.525300 ms (FindLiveObjects: 0.121500 ms CreateObjectMapping: 0.046900 ms MarkObjects: 1.281600 ms  DeleteObjects: 0.074200 ms)

========================================================================
Received Prepare
Registering precompiled user dll's ...
Registered in 0.000553 seconds.
Begin MonoManager ReloadAssembly
Native extension for WindowsStandalone target not found
Refreshing native plugins compatible for Editor in 0.29 ms, found 1 plugins.
Preloading 0 native plugins for Editor in 0.00 ms.
Invoked RoslynAnalysisRunner static constructor.
RoslynAnalysisRunner will not be running.
RoslynAnalysisRunner has terminated.
Mono: successfully reloaded assembly
- Completed reload, in  0.629 seconds
Platform modules already initialized, skipping
Refreshing native plugins compatible for Editor in 0.28 ms, found 1 plugins.
Preloading 0 native plugins for Editor in 0.00 ms.
Unloading 1802 Unused Serialized files (Serialized files now loaded: 0)
System memory in use before: 89.3 MB.
System memory in use after: 89.3 MB.

Unloading 12 unused Assets to reduce memory usage. Loaded Objects now: 2280.
Total: 1.554200 ms (FindLiveObjects: 0.140200 ms CreateObjectMapping: 0.055300 ms MarkObjects: 1.274500 ms  DeleteObjects: 0.083500 ms)

========================================================================
Received Import Request.
  Time since last request: 96.359964 seconds.
  path: Assets/Scenes/Start Screen 2.unity
  artifactKey: Guid(687577278e4c0744cac94aab526f4eab) Importer(815301076,1909f56bfc062723c751e8b465ee728b)
Start importing Assets/Scenes/Start Screen 2.unity using Guid(687577278e4c0744cac94aab526f4eab) Importer(815301076,1909f56bfc062723c751e8b465ee728b)  -> (artifact id: '30a4ac71e14fa08a016ab4c4cd18c83a') in 0.010855 seconds
  Import took 0.013291 seconds .

========================================================================
Received Import Request.
  Time since last request: 7.084566 seconds.
  path: Assets/Scenes/LoseScene.unity
  artifactKey: Guid(687577278e4c0744cac94aab526f4eab) Importer(815301076,1909f56bfc062723c751e8b465ee728b)
Start importing Assets/Scenes/LoseScene.unity using Guid(687577278e4c0744cac94aab526f4eab) Importer(815301076,1909f56bfc062723c751e8b465ee728b)  -> (artifact id: '0d6ced2ccaf4ad65cc786a83ece6e1e5') in 0.006378 seconds
  Import took 0.009311 seconds .

========================================================================
Received Import Request.
  Time since last request: 51.919533 seconds.
  path: Assets/Scenes/Level 1.unity
  artifactKey: Guid(d89c9f514908abf4692d236c86500421) Importer(815301076,1909f56bfc062723c751e8b465ee728b)
Start importing Assets/Scenes/Level 1.unity using Guid(d89c9f514908abf4692d236c86500421) Importer(815301076,1909f56bfc062723c751e8b465ee728b)  -> (artifact id: 'd2000e4ce1e3232406ac77cad43c2cd6') in 0.006208 seconds
  Import took 0.008766 seconds .

========================================================================
Received Import Request.
  Time since last request: 0.000839 seconds.
  path: Assets/Scenes/Level 1.unity
  artifactKey: Guid(d89c9f514908abf4692d236c86500421) Importer(815301076,1909f56bfc062723c751e8b465ee728b)
Start importing Assets/Scenes/Level 1.unity using Guid(d89c9f514908abf4692d236c86500421) Importer(815301076,1909f56bfc062723c751e8b465ee728b)  -> (artifact id: 'd2000e4ce1e3232406ac77cad43c2cd6') in 0.001395 seconds
  Import took 0.003868 seconds .

========================================================================
Received Prepare
Registering precompiled user dll's ...
Registered in 0.000592 seconds.
Begin MonoManager ReloadAssembly
Native extension for WindowsStandalone target not found
Refreshing native plugins compatible for Editor in 0.27 ms, found 1 plugins.
Preloading 0 native plugins for Editor in 0.00 ms.
Invoked RoslynAnalysisRunner static constructor.
RoslynAnalysisRunner will not be running.
RoslynAnalysisRunner has terminated.
Mono: successfully reloaded assembly
- Completed reload, in  0.635 seconds
Platform modules already initialized, skipping
Refreshing native plugins compatible for Editor in 0.51 ms, found 1 plugins.
Preloading 0 native plugins for Editor in 0.00 ms.
Unloading 1802 Unused Serialized files (Serialized files now loaded: 0)
System memory in use before: 89.5 MB.
System memory in use after: 89.5 MB.

Unloading 12 unused Assets to reduce memory usage. Loaded Objects now: 2283.
Total: 1.519000 ms (FindLiveObjects: 0.133000 ms CreateObjectMapping: 0.051200 ms MarkObjects: 1.254000 ms  DeleteObjects: 0.080200 ms)

========================================================================
Received Prepare
Registering precompiled user dll's ...
Registered in 0.000571 seconds.
Begin MonoManager ReloadAssembly
Native extension for WindowsStandalone target not found
Refreshing native plugins compatible for Editor in 0.27 ms, found 1 plugins.
Preloading 0 native plugins for Editor in 0.00 ms.
Invoked RoslynAnalysisRunner static constructor.
RoslynAnalysisRunner will not be running.
RoslynAnalysisRunner has terminated.
Mono: successfully reloaded assembly
- Completed reload, in  0.626 seconds
Platform modules already initialized, skipping
Refreshing native plugins compatible for Editor in 0.27 ms, found 1 plugins.
Preloading 0 native plugins for Editor in 0.00 ms.
Unloading 1802 Unused Serialized files (Serialized files now loaded: 0)
System memory in use before: 89.7 MB.
System memory in use after: 89.7 MB.

Unloading 12 unused Assets to reduce memory usage. Loaded Objects now: 2286.
Total: 1.582200 ms (FindLiveObjects: 0.131900 ms CreateObjectMapping: 0.043600 ms MarkObjects: 1.328500 ms  DeleteObjects: 0.077600 ms)

========================================================================
Received Import Request.
  Time since last request: 57.620765 seconds.
  path: Assets/Prefabs/CoreGame/Canvas.prefab
  artifactKey: Guid(c4e5cebfc8356e641a86174b4174cf47) Importer(815301076,1909f56bfc062723c751e8b465ee728b)
Start importing Assets/Prefabs/CoreGame/Canvas.prefab using Guid(c4e5cebfc8356e641a86174b4174cf47) Importer(815301076,1909f56bfc062723c751e8b465ee728b)  -> (artifact id: '203b78015cf2df0b6d416aa8ed182c12') in 0.074669 seconds
  Import took 0.077362 seconds .

========================================================================
Received Prepare
Registering precompiled user dll's ...
Registered in 0.000594 seconds.
Begin MonoManager ReloadAssembly
Native extension for WindowsStandalone target not found
Refreshing native plugins compatible for Editor in 0.27 ms, found 1 plugins.
Preloading 0 native plugins for Editor in 0.00 ms.
Invoked RoslynAnalysisRunner static constructor.
RoslynAnalysisRunner will not be running.
RoslynAnalysisRunner has terminated.
Mono: successfully reloaded assembly
- Completed reload, in  0.635 seconds
Platform modules already initialized, skipping
Refreshing native plugins compatible for Editor in 0.27 ms, found 1 plugins.
Preloading 0 native plugins for Editor in 0.00 ms.
Unloading 1802 Unused Serialized files (Serialized files now loaded: 0)
System memory in use before: 90.0 MB.
System memory in use after: 90.0 MB.

Unloading 12 unused Assets to reduce memory usage. Loaded Objects now: 2292.
Total: 1.680200 ms (FindLiveObjects: 0.139700 ms CreateObjectMapping: 0.085600 ms MarkObjects: 1.374700 ms  DeleteObjects: 0.079400 ms)

========================================================================
Received Import Request.
  Time since last request: 41.839297 seconds.
  path: Assets/Prefabs/Attackers/Fox.prefab
  artifactKey: Guid(f09362c7c8cd9694688d79f44356cfed) Importer(815301076,1909f56bfc062723c751e8b465ee728b)
Start importing Assets/Prefabs/Attackers/Fox.prefab using Guid(f09362c7c8cd9694688d79f44356cfed) Importer(815301076,1909f56bfc062723c751e8b465ee728b)  -> (artifact id: '27a1439ae7352ee588225f3ac4cff4c2') in 0.050909 seconds
  Import took 0.053594 seconds .

========================================================================
Received Prepare
Registering precompiled user dll's ...
Registered in 0.000693 seconds.
Begin MonoManager ReloadAssembly
Native extension for WindowsStandalone target not found
Refreshing native plugins compatible for Editor in 0.28 ms, found 1 plugins.
Preloading 0 native plugins for Editor in 0.00 ms.
Invoked RoslynAnalysisRunner static constructor.
RoslynAnalysisRunner will not be running.
RoslynAnalysisRunner has terminated.
Mono: successfully reloaded assembly
- Completed reload, in  0.745 seconds
Platform modules already initialized, skipping
Refreshing native plugins compatible for Editor in 0.37 ms, found 1 plugins.
Preloading 0 native plugins for Editor in 0.00 ms.
Unloading 1802 Unused Serialized files (Serialized files now loaded: 0)
System memory in use before: 90.0 MB.
System memory in use after: 90.0 MB.

Unloading 12 unused Assets to reduce memory usage. Loaded Objects now: 2296.
Total: 3.039700 ms (FindLiveObjects: 0.480300 ms CreateObjectMapping: 0.175600 ms MarkObjects: 2.283700 ms  DeleteObjects: 0.098300 ms)

========================================================================
Received Import Request.
  Time since last request: 102.392411 seconds.
  path: Assets/Prefabs/CoreGame/CoreGameArea.prefab
  artifactKey: Guid(4d35a8714a9a37648a2d93007f647e2c) Importer(815301076,1909f56bfc062723c751e8b465ee728b)
Start importing Assets/Prefabs/CoreGame/CoreGameArea.prefab using Guid(4d35a8714a9a37648a2d93007f647e2c) Importer(815301076,1909f56bfc062723c751e8b465ee728b)  -> (artifact id: '666269dec097ba5f183b5c14339796b8') in 0.017764 seconds
  Import took 0.020151 seconds .

========================================================================
Received Import Request.
  Time since last request: 1.557964 seconds.
  path: Assets/Prefabs/CoreGame/DamageCollider.prefab
  artifactKey: Guid(0ba4cd518cf6f2b40b309e7c5bc51051) Importer(815301076,1909f56bfc062723c751e8b465ee728b)
Start importing Assets/Prefabs/CoreGame/DamageCollider.prefab using Guid(0ba4cd518cf6f2b40b309e7c5bc51051) Importer(815301076,1909f56bfc062723c751e8b465ee728b)  -> (artifact id: '9a5c1e5831554b0fcdf817eb0810974c') in 0.006379 seconds
  Import took 0.008701 seconds .

========================================================================
Received Import Request.
  Time since last request: 0.012674 seconds.
  path: Assets/Prefabs/CoreGame/DamageCollider.prefab
  artifactKey: Guid(0ba4cd518cf6f2b40b309e7c5bc51051) Importer(815301076,1909f56bfc062723c751e8b465ee728b)
Start importing Assets/Prefabs/CoreGame/DamageCollider.prefab using Guid(0ba4cd518cf6f2b40b309e7c5bc51051) Importer(815301076,1909f56bfc062723c751e8b465ee728b)  -> (artifact id: '9a5c1e5831554b0fcdf817eb0810974c') in 0.002091 seconds
  Import took 0.004631 seconds .

========================================================================
Received Import Request.
  Time since last request: 1382.589143 seconds.
  path: Assets/Animations/UI
  artifactKey: Guid(eb3ba41755387ba4d95dfd5d26d5b230) Importer(815301076,1909f56bfc062723c751e8b465ee728b)
Start importing Assets/Animations/UI using Guid(eb3ba41755387ba4d95dfd5d26d5b230) Importer(815301076,1909f56bfc062723c751e8b465ee728b)  -> (artifact id: '01d60b09194b194061dc9dfc0ba26589') in 0.006817 seconds
  Import took 0.010318 seconds .

========================================================================
Received Import Request.
  Time since last request: 25.852174 seconds.
  path: Assets/Animations/UI/FoxUIHandle.controller
  artifactKey: Guid(63070f26c5895034096d6a547c0a6728) Importer(815301076,1909f56bfc062723c751e8b465ee728b)
Start importing Assets/Animations/UI/FoxUIHandle.controller using Guid(63070f26c5895034096d6a547c0a6728) Importer(815301076,1909f56bfc062723c751e8b465ee728b)  -> (artifact id: '1b2c4d7241da64895a6fb46678711c69') in 0.008204 seconds
  Import took 0.011033 seconds .

========================================================================
Received Import Request.
  Time since last request: 98.482203 seconds.
  path: Assets/Scripts/GameTimer.cs
  artifactKey: Guid(0b0c47afa5de8bc418b470a0ba487068) Importer(815301076,1909f56bfc062723c751e8b465ee728b)
Start importing Assets/Scripts/GameTimer.cs using Guid(0b0c47afa5de8bc418b470a0ba487068) Importer(815301076,1909f56bfc062723c751e8b465ee728b)  -> (artifact id: '9516650178b1e5867e600377dc8be79f') in 0.006523 seconds
  Import took 0.009309 seconds .

========================================================================
Received Prepare
Registering precompiled user dll's ...
Registered in 0.001026 seconds.
Begin MonoManager ReloadAssembly
Native extension for WindowsStandalone target not found
Refreshing native plugins compatible for Editor in 0.27 ms, found 1 plugins.
Preloading 0 native plugins for Editor in 0.00 ms.
Invoked RoslynAnalysisRunner static constructor.
RoslynAnalysisRunner will not be running.
RoslynAnalysisRunner has terminated.
Mono: successfully reloaded assembly
- Completed reload, in  0.677 seconds
Platform modules already initialized, skipping
Refreshing native plugins compatible for Editor in 0.27 ms, found 1 plugins.
Preloading 0 native plugins for Editor in 0.00 ms.
Unloading 1803 Unused Serialized files (Serialized files now loaded: 0)
System memory in use before: 89.4 MB.
System memory in use after: 89.4 MB.

Unloading 12 unused Assets to reduce memory usage. Loaded Objects now: 2300.
Total: 1.627400 ms (FindLiveObjects: 0.153600 ms CreateObjectMapping: 0.062700 ms MarkObjects: 1.327300 ms  DeleteObjects: 0.083100 ms)

========================================================================
Received Prepare
Registering precompiled user dll's ...
Registered in 0.000596 seconds.
Begin MonoManager ReloadAssembly
Native extension for WindowsStandalone target not found
Refreshing native plugins compatible for Editor in 0.28 ms, found 1 plugins.
Preloading 0 native plugins for Editor in 0.00 ms.
Invoked RoslynAnalysisRunner static constructor.
RoslynAnalysisRunner will not be running.
RoslynAnalysisRunner has terminated.
Mono: successfully reloaded assembly
- Completed reload, in  0.638 seconds
Platform modules already initialized, skipping
Refreshing native plugins compatible for Editor in 0.28 ms, found 1 plugins.
Preloading 0 native plugins for Editor in 0.00 ms.
Unloading 1803 Unused Serialized files (Serialized files now loaded: 0)
System memory in use before: 89.6 MB.
System memory in use after: 89.6 MB.

Unloading 12 unused Assets to reduce memory usage. Loaded Objects now: 2303.
Total: 1.547100 ms (FindLiveObjects: 0.139500 ms CreateObjectMapping: 0.048600 ms MarkObjects: 1.277800 ms  DeleteObjects: 0.080200 ms)

========================================================================
Received Import Request.
  Time since last request: 7326.663099 seconds.
  path: Assets/Scripts/AttackerSpawner.cs
  artifactKey: Guid(685b03b1f261ab346a87d5c4a97d4cf9) Importer(815301076,1909f56bfc062723c751e8b465ee728b)
Start importing Assets/Scripts/AttackerSpawner.cs using Guid(685b03b1f261ab346a87d5c4a97d4cf9) Importer(815301076,1909f56bfc062723c751e8b465ee728b)  -> (artifact id: '13db4331e4bcab3f3cc3c7b64ca61d21') in 0.094920 seconds
  Import took 0.166608 seconds .

========================================================================
Received Import Request.
  Time since last request: 28.074647 seconds.
  path: Assets/Scripts/LevelController.cs
  artifactKey: Guid(17dd0a85f2572424a930d8d0000c993c) Importer(815301076,1909f56bfc062723c751e8b465ee728b)
Start importing Assets/Scripts/LevelController.cs using Guid(17dd0a85f2572424a930d8d0000c993c) Importer(815301076,1909f56bfc062723c751e8b465ee728b)  -> (artifact id: '0d4cdcc73a7f5ce44b591ad94b1537bc') in 0.006554 seconds
  Import took 0.010221 seconds .

========================================================================
Received Prepare
Registering precompiled user dll's ...
Registered in 0.003276 seconds.
Begin MonoManager ReloadAssembly
Native extension for WindowsStandalone target not found
Refreshing native plugins compatible for Editor in 0.39 ms, found 1 plugins.
Preloading 0 native plugins for Editor in 0.00 ms.
Invoked RoslynAnalysisRunner static constructor.
RoslynAnalysisRunner will not be running.
RoslynAnalysisRunner has terminated.
Mono: successfully reloaded assembly
- Completed reload, in  0.865 seconds
Platform modules already initialized, skipping
Refreshing native plugins compatible for Editor in 0.29 ms, found 1 plugins.
Preloading 0 native plugins for Editor in 0.00 ms.
Unloading 1804 Unused Serialized files (Serialized files now loaded: 0)
System memory in use before: 89.8 MB.
System memory in use after: 89.8 MB.

Unloading 12 unused Assets to reduce memory usage. Loaded Objects now: 2307.
Total: 7.080900 ms (FindLiveObjects: 0.155700 ms CreateObjectMapping: 0.060600 ms MarkObjects: 1.273700 ms  DeleteObjects: 5.590100 ms)

========================================================================
Received Import Request.
  Time since last request: 50.772669 seconds.
  path: Assets/Prefabs/CoreGame/LevelController.prefab
  artifactKey: Guid(c4e9abc828656d74899d8fe5cda4f292) Importer(815301076,1909f56bfc062723c751e8b465ee728b)
Start importing Assets/Prefabs/CoreGame/LevelController.prefab using Guid(c4e9abc828656d74899d8fe5cda4f292) Importer(815301076,1909f56bfc062723c751e8b465ee728b)  -> (artifact id: 'ae7baa2bb3cc1aec8c785f6ffe7a5f5a') in 0.022771 seconds
  Import took 0.026279 seconds .

========================================================================
Received Prepare
Registering precompiled user dll's ...
Registered in 0.000659 seconds.
Begin MonoManager ReloadAssembly
Native extension for WindowsStandalone target not found
Refreshing native plugins compatible for Editor in 0.48 ms, found 1 plugins.
Preloading 0 native plugins for Editor in 0.00 ms.
Invoked RoslynAnalysisRunner static constructor.
RoslynAnalysisRunner will not be running.
RoslynAnalysisRunner has terminated.
Mono: successfully reloaded assembly
- Completed reload, in  0.729 seconds
Platform modules already initialized, skipping
Refreshing native plugins compatible for Editor in 0.44 ms, found 1 plugins.
Preloading 0 native plugins for Editor in 0.00 ms.
Unloading 1804 Unused Serialized files (Serialized files now loaded: 0)
System memory in use before: 90.0 MB.
System memory in use after: 90.0 MB.

Unloading 12 unused Assets to reduce memory usage. Loaded Objects now: 2310.
Total: 1.705600 ms (FindLiveObjects: 0.187300 ms CreateObjectMapping: 0.069500 ms MarkObjects: 1.317400 ms  DeleteObjects: 0.130200 ms)

========================================================================
Received Prepare
Registering precompiled user dll's ...
Registered in 0.000703 seconds.
Begin MonoManager ReloadAssembly
Native extension for WindowsStandalone target not found
Refreshing native plugins compatible for Editor in 0.31 ms, found 1 plugins.
Preloading 0 native plugins for Editor in 0.00 ms.
Invoked RoslynAnalysisRunner static constructor.
RoslynAnalysisRunner will not be running.
RoslynAnalysisRunner has terminated.
Mono: successfully reloaded assembly
- Completed reload, in  0.729 seconds
Platform modules already initialized, skipping
Refreshing native plugins compatible for Editor in 0.29 ms, found 1 plugins.
Preloading 0 native plugins for Editor in 0.00 ms.
Unloading 1804 Unused Serialized files (Serialized files now loaded: 0)
System memory in use before: 90.1 MB.
System memory in use after: 90.1 MB.

Unloading 12 unused Assets to reduce memory usage. Loaded Objects now: 2313.
Total: 3.424600 ms (FindLiveObjects: 0.558000 ms CreateObjectMapping: 0.215100 ms MarkObjects: 2.492500 ms  DeleteObjects: 0.156100 ms)

========================================================================
Received Import Request.
  Time since last request: 3845.980367 seconds.
  path: Assets/Prefabs/CoreGame/Level Complete Canvas.prefab
  artifactKey: Guid(abeb438accdb89342af626b22f995233) Importer(815301076,1909f56bfc062723c751e8b465ee728b)
Start importing Assets/Prefabs/CoreGame/Level Complete Canvas.prefab using Guid(abeb438accdb89342af626b22f995233) Importer(815301076,1909f56bfc062723c751e8b465ee728b)  -> (artifact id: 'b09eb42fa61cebd86b737c8039f58f68') in 0.041145 seconds
  Import took 0.045518 seconds .

========================================================================
Received Import Request.
  Time since last request: 0.000272 seconds.
  path: Assets/Prefabs/CoreGame/Canvas.prefab
  artifactKey: Guid(c4e5cebfc8356e641a86174b4174cf47) Importer(815301076,1909f56bfc062723c751e8b465ee728b)
Start importing Assets/Prefabs/CoreGame/Canvas.prefab using Guid(c4e5cebfc8356e641a86174b4174cf47) Importer(815301076,1909f56bfc062723c751e8b465ee728b)  -> (artifact id: '717c7f2ba65d2805f2d765c69fe0123d') in 0.068136 seconds
  Import took 0.071596 seconds .

========================================================================
Received Prepare
Registering precompiled user dll's ...
Registered in 0.000637 seconds.
Begin MonoManager ReloadAssembly
Native extension for WindowsStandalone target not found
Refreshing native plugins compatible for Editor in 0.27 ms, found 1 plugins.
Preloading 0 native plugins for Editor in 0.00 ms.
Invoked RoslynAnalysisRunner static constructor.
RoslynAnalysisRunner will not be running.
RoslynAnalysisRunner has terminated.
Mono: successfully reloaded assembly
- Completed reload, in  0.689 seconds
Platform modules already initialized, skipping
Refreshing native plugins compatible for Editor in 0.28 ms, found 1 plugins.
Preloading 0 native plugins for Editor in 0.00 ms.
Unloading 1804 Unused Serialized files (Serialized files now loaded: 0)
System memory in use before: 89.4 MB.
System memory in use after: 89.3 MB.

Unloading 14 unused Assets to reduce memory usage. Loaded Objects now: 2317.
Total: 1.603800 ms (FindLiveObjects: 0.143300 ms CreateObjectMapping: 0.049200 ms MarkObjects: 1.328900 ms  DeleteObjects: 0.081800 ms)

========================================================================
Received Import Request.
  Time since last request: 65.150043 seconds.
  path: Assets/Prefabs/CoreGame/LevelController.prefab
  artifactKey: Guid(c4e9abc828656d74899d8fe5cda4f292) Importer(815301076,1909f56bfc062723c751e8b465ee728b)
Start importing Assets/Prefabs/CoreGame/LevelController.prefab using Guid(c4e9abc828656d74899d8fe5cda4f292) Importer(815301076,1909f56bfc062723c751e8b465ee728b)  -> (artifact id: 'ad02e78c6ae36ffe0ee4549f6d4d94f8') in 0.017279 seconds
  Import took 0.021587 seconds .

========================================================================
Received Import Request.
  Time since last request: 11.704559 seconds.
  path: Assets/Prefabs/CoreGame/LevelController.prefab
  artifactKey: Guid(c4e9abc828656d74899d8fe5cda4f292) Importer(815301076,1909f56bfc062723c751e8b465ee728b)
Start importing Assets/Prefabs/CoreGame/LevelController.prefab using Guid(c4e9abc828656d74899d8fe5cda4f292) Importer(815301076,1909f56bfc062723c751e8b465ee728b)  -> (artifact id: '59c4e80b4d1007d61486905923a56241') in 0.002544 seconds
  Import took 0.005921 seconds .

========================================================================
Received Prepare
Registering precompiled user dll's ...
Registered in 0.000628 seconds.
Begin MonoManager ReloadAssembly
Native extension for WindowsStandalone target not found
Refreshing native plugins compatible for Editor in 0.27 ms, found 1 plugins.
Preloading 0 native plugins for Editor in 0.00 ms.
Invoked RoslynAnalysisRunner static constructor.
RoslynAnalysisRunner will not be running.
RoslynAnalysisRunner has terminated.
Mono: successfully reloaded assembly
- Completed reload, in  0.654 seconds
Platform modules already initialized, skipping
Refreshing native plugins compatible for Editor in 0.27 ms, found 1 plugins.
Preloading 0 native plugins for Editor in 0.00 ms.
Unloading 1804 Unused Serialized files (Serialized files now loaded: 0)
System memory in use before: 89.5 MB.
System memory in use after: 89.5 MB.

Unloading 12 unused Assets to reduce memory usage. Loaded Objects now: 2320.
Total: 1.693700 ms (FindLiveObjects: 0.176700 ms CreateObjectMapping: 0.055300 ms MarkObjects: 1.377100 ms  DeleteObjects: 0.083800 ms)

========================================================================
Received Import Request.
  Time since last request: 222.676206 seconds.
  path: Assets/Scenes/Level 1.unity
  artifactKey: Guid(d89c9f514908abf4692d236c86500421) Importer(815301076,1909f56bfc062723c751e8b465ee728b)
Start importing Assets/Scenes/Level 1.unity using Guid(d89c9f514908abf4692d236c86500421) Importer(815301076,1909f56bfc062723c751e8b465ee728b)  -> (artifact id: '0631927f5dc60d7f6d65a6703895e372') in 0.014352 seconds
  Import took 0.017407 seconds .

========================================================================
Received Import Request.
  Time since last request: 0.343106 seconds.
  path: Assets/Scenes/Level 2.unity
  artifactKey: Guid(01d1ab7fc4447c8418eda72f4a193fe4) Importer(815301076,1909f56bfc062723c751e8b465ee728b)
Start importing Assets/Scenes/Level 2.unity using Guid(01d1ab7fc4447c8418eda72f4a193fe4) Importer(815301076,1909f56bfc062723c751e8b465ee728b)  -> (artifact id: 'd0af8d75967971b29b53259439b90fae') in 0.009314 seconds
  Import took 0.011799 seconds .

========================================================================
Received Import Request.
  Time since last request: 33.184722 seconds.
  path: Assets/Scenes/Level 1.unity
  artifactKey: Guid(d89c9f514908abf4692d236c86500421) Importer(815301076,1909f56bfc062723c751e8b465ee728b)
Start importing Assets/Scenes/Level 1.unity using Guid(d89c9f514908abf4692d236c86500421) Importer(815301076,1909f56bfc062723c751e8b465ee728b)  -> (artifact id: '217abb695427eed5b1bceb63c3ac3419') in 0.001555 seconds
  Import took 0.004463 seconds .

========================================================================
Received Import Request.
  Time since last request: 24.571082 seconds.
  path: Assets/Prefabs/CoreGame/LevelController.prefab
  artifactKey: Guid(c4e9abc828656d74899d8fe5cda4f292) Importer(815301076,1909f56bfc062723c751e8b465ee728b)
Start importing Assets/Prefabs/CoreGame/LevelController.prefab using Guid(c4e9abc828656d74899d8fe5cda4f292) Importer(815301076,1909f56bfc062723c751e8b465ee728b)  -> (artifact id: '8bf039f1ddaa7f2eaada6353ecc51e22') in 0.011182 seconds
  Import took 0.013991 seconds .

========================================================================
Received Prepare
Registering precompiled user dll's ...
Registered in 0.000663 seconds.
Begin MonoManager ReloadAssembly
Native extension for WindowsStandalone target not found
Refreshing native plugins compatible for Editor in 0.27 ms, found 1 plugins.
Preloading 0 native plugins for Editor in 0.00 ms.
Invoked RoslynAnalysisRunner static constructor.
RoslynAnalysisRunner will not be running.
RoslynAnalysisRunner has terminated.
Mono: successfully reloaded assembly
- Completed reload, in  0.680 seconds
Platform modules already initialized, skipping
Refreshing native plugins compatible for Editor in 0.28 ms, found 1 plugins.
Preloading 0 native plugins for Editor in 0.00 ms.
Unloading 1804 Unused Serialized files (Serialized files now loaded: 0)
System memory in use before: 89.7 MB.
System memory in use after: 89.7 MB.

Unloading 12 unused Assets to reduce memory usage. Loaded Objects now: 2323.
Total: 1.871200 ms (FindLiveObjects: 0.161500 ms CreateObjectMapping: 0.060800 ms MarkObjects: 1.513200 ms  DeleteObjects: 0.134900 ms)

========================================================================
Received Import Request.
  Time since last request: 100.973867 seconds.
  path: Assets/Scenes/Level 2.unity
  artifactKey: Guid(01d1ab7fc4447c8418eda72f4a193fe4) Importer(815301076,1909f56bfc062723c751e8b465ee728b)
Start importing Assets/Scenes/Level 2.unity using Guid(01d1ab7fc4447c8418eda72f4a193fe4) Importer(815301076,1909f56bfc062723c751e8b465ee728b)  -> (artifact id: '35b0ee64ca070f55ec99655bd4a972f4') in 0.009116 seconds
  Import took 0.011715 seconds .

========================================================================
Received Import Request.
  Time since last request: 0.000585 seconds.
  path: Assets/Scenes/Level 2.unity
  artifactKey: Guid(01d1ab7fc4447c8418eda72f4a193fe4) Importer(815301076,1909f56bfc062723c751e8b465ee728b)
Start importing Assets/Scenes/Level 2.unity using Guid(01d1ab7fc4447c8418eda72f4a193fe4) Importer(815301076,1909f56bfc062723c751e8b465ee728b)  -> (artifact id: '35b0ee64ca070f55ec99655bd4a972f4') in 0.001582 seconds
  Import took 0.003924 seconds .

========================================================================
Received Import Request.
  Time since last request: 26.222901 seconds.
  path: Assets/Scenes/Level 1.unity
  artifactKey: Guid(d89c9f514908abf4692d236c86500421) Importer(815301076,1909f56bfc062723c751e8b465ee728b)
Start importing Assets/Scenes/Level 1.unity using Guid(d89c9f514908abf4692d236c86500421) Importer(815301076,1909f56bfc062723c751e8b465ee728b)  -> (artifact id: '9ebd8ff777d2215aca4bbb90a1c1b93f') in 0.001606 seconds
  Import took 0.004587 seconds .

========================================================================
Received Import Request.
  Time since last request: 19.594603 seconds.
  path: Assets/Prefabs/CoreGame/LevelController.prefab
  artifactKey: Guid(c4e9abc828656d74899d8fe5cda4f292) Importer(815301076,1909f56bfc062723c751e8b465ee728b)
Start importing Assets/Prefabs/CoreGame/LevelController.prefab using Guid(c4e9abc828656d74899d8fe5cda4f292) Importer(815301076,1909f56bfc062723c751e8b465ee728b)  -> (artifact id: 'b24f27418f5591d51f21293622af7f09') in 0.011285 seconds
  Import took 0.013872 seconds .

========================================================================
Received Import Request.
  Time since last request: 20.621953 seconds.
  path: Assets/Prefabs/CoreGame/Level Complete Canvas.prefab
  artifactKey: Guid(abeb438accdb89342af626b22f995233) Importer(815301076,1909f56bfc062723c751e8b465ee728b)
Start importing Assets/Prefabs/CoreGame/Level Complete Canvas.prefab using Guid(abeb438accdb89342af626b22f995233) Importer(815301076,1909f56bfc062723c751e8b465ee728b)  -> (artifact id: '8a6f8bd2866f5c2c4f91c4bf9be81f5d') in 0.014006 seconds
  Import took 0.016624 seconds .

========================================================================
Received Import Request.
  Time since last request: 0.009809 seconds.
  path: Assets/Prefabs/CoreGame/Level Complete Canvas.prefab
  artifactKey: Guid(abeb438accdb89342af626b22f995233) Importer(815301076,1909f56bfc062723c751e8b465ee728b)
Start importing Assets/Prefabs/CoreGame/Level Complete Canvas.prefab using Guid(abeb438accdb89342af626b22f995233) Importer(815301076,1909f56bfc062723c751e8b465ee728b)  -> (artifact id: '8a6f8bd2866f5c2c4f91c4bf9be81f5d') in 0.003218 seconds
  Import took 0.006009 seconds .

========================================================================
Received Import Request.
  Time since last request: 7.223520 seconds.
  path: Assets/Scenes/Level 2.unity
  artifactKey: Guid(01d1ab7fc4447c8418eda72f4a193fe4) Importer(815301076,1909f56bfc062723c751e8b465ee728b)
Start importing Assets/Scenes/Level 2.unity using Guid(01d1ab7fc4447c8418eda72f4a193fe4) Importer(815301076,1909f56bfc062723c751e8b465ee728b)  -> (artifact id: 'fb00713ce1e0498e6d73e4f1b5913ba8') in 0.001535 seconds
  Import took 0.003892 seconds .

========================================================================
Received Import Request.
  Time since last request: 20.298165 seconds.
  path: Assets/Scenes/Level 1.unity
  artifactKey: Guid(d89c9f514908abf4692d236c86500421) Importer(815301076,1909f56bfc062723c751e8b465ee728b)
Start importing Assets/Scenes/Level 1.unity using Guid(d89c9f514908abf4692d236c86500421) Importer(815301076,1909f56bfc062723c751e8b465ee728b)  -> (artifact id: '494fadc3632b366df950979a0e4f83f2') in 0.001579 seconds
  Import took 0.004061 seconds .

========================================================================
Received Import Request.
  Time since last request: 3753.848665 seconds.
  path: Assets/Scripts/LevelLoader.cs
  artifactKey: Guid(d90b69ada23bc744cb2f86d227b9cd28) Importer(815301076,1909f56bfc062723c751e8b465ee728b)
Start importing Assets/Scripts/LevelLoader.cs using Guid(d90b69ada23bc744cb2f86d227b9cd28) Importer(815301076,1909f56bfc062723c751e8b465ee728b)  -> (artifact id: '1669f7606fbb4b5cb6bf9ba4455de8d0') in 0.010003 seconds
  Import took 0.058346 seconds .

========================================================================
Received Prepare
Registering precompiled user dll's ...
Registered in 0.001461 seconds.
Begin MonoManager ReloadAssembly
Native extension for WindowsStandalone target not found
Refreshing native plugins compatible for Editor in 0.32 ms, found 1 plugins.
Preloading 0 native plugins for Editor in 0.00 ms.
Invoked RoslynAnalysisRunner static constructor.
RoslynAnalysisRunner will not be running.
RoslynAnalysisRunner has terminated.
Mono: successfully reloaded assembly
- Completed reload, in  0.743 seconds
Platform modules already initialized, skipping
Refreshing native plugins compatible for Editor in 0.27 ms, found 1 plugins.
Preloading 0 native plugins for Editor in 0.00 ms.
Unloading 1804 Unused Serialized files (Serialized files now loaded: 0)
System memory in use before: 90.0 MB.
System memory in use after: 90.0 MB.

Unloading 12 unused Assets to reduce memory usage. Loaded Objects now: 2326.
Total: 1.624400 ms (FindLiveObjects: 0.147400 ms CreateObjectMapping: 0.044800 ms MarkObjects: 1.325900 ms  DeleteObjects: 0.105600 ms)

========================================================================
Received Import Request.
  Time since last request: 70.868838 seconds.
  path: Assets/Scripts/LevelLoader.cs
  artifactKey: Guid(d90b69ada23bc744cb2f86d227b9cd28) Importer(815301076,1909f56bfc062723c751e8b465ee728b)
Start importing Assets/Scripts/LevelLoader.cs using Guid(d90b69ada23bc744cb2f86d227b9cd28) Importer(815301076,1909f56bfc062723c751e8b465ee728b)  -> (artifact id: '7418cada1a96728689081296ee37e3ed') in 0.003182 seconds
  Import took 0.005971 seconds .

========================================================================
Received Prepare
Registering precompiled user dll's ...
Registered in 0.000713 seconds.
Begin MonoManager ReloadAssembly
Native extension for WindowsStandalone target not found
Refreshing native plugins compatible for Editor in 0.29 ms, found 1 plugins.
Preloading 0 native plugins for Editor in 0.00 ms.
Invoked RoslynAnalysisRunner static constructor.
RoslynAnalysisRunner will not be running.
RoslynAnalysisRunner has terminated.
Mono: successfully reloaded assembly
- Completed reload, in  0.663 seconds
Platform modules already initialized, skipping
Refreshing native plugins compatible for Editor in 0.27 ms, found 1 plugins.
Preloading 0 native plugins for Editor in 0.00 ms.
Unloading 1804 Unused Serialized files (Serialized files now loaded: 0)
System memory in use before: 90.1 MB.
System memory in use after: 90.1 MB.

Unloading 12 unused Assets to reduce memory usage. Loaded Objects now: 2329.
Total: 1.717700 ms (FindLiveObjects: 0.156500 ms CreateObjectMapping: 0.054200 ms MarkObjects: 1.416300 ms  DeleteObjects: 0.089900 ms)

========================================================================
Received Import Request.
  Time since last request: 15.138791 seconds.
  path: Assets/Scripts/LevelLoader.cs
  artifactKey: Guid(d90b69ada23bc744cb2f86d227b9cd28) Importer(815301076,1909f56bfc062723c751e8b465ee728b)
Start importing Assets/Scripts/LevelLoader.cs using Guid(d90b69ada23bc744cb2f86d227b9cd28) Importer(815301076,1909f56bfc062723c751e8b465ee728b)  -> (artifact id: '764ecd091dcf2eee0a2b5ab0568843fe') in 0.003078 seconds
  Import took 0.006294 seconds .

========================================================================
Received Prepare
Registering precompiled user dll's ...
Registered in 0.000642 seconds.
Begin MonoManager ReloadAssembly
Native extension for WindowsStandalone target not found
Refreshing native plugins compatible for Editor in 0.27 ms, found 1 plugins.
Preloading 0 native plugins for Editor in 0.00 ms.
Invoked RoslynAnalysisRunner static constructor.
RoslynAnalysisRunner will not be running.
RoslynAnalysisRunner has terminated.
Mono: successfully reloaded assembly
- Completed reload, in  0.655 seconds
Platform modules already initialized, skipping
Refreshing native plugins compatible for Editor in 0.28 ms, found 1 plugins.
Preloading 0 native plugins for Editor in 0.00 ms.
Unloading 1804 Unused Serialized files (Serialized files now loaded: 0)
System memory in use before: 90.2 MB.
System memory in use after: 90.2 MB.

Unloading 12 unused Assets to reduce memory usage. Loaded Objects now: 2332.
Total: 1.603600 ms (FindLiveObjects: 0.141600 ms CreateObjectMapping: 0.054600 ms MarkObjects: 1.325100 ms  DeleteObjects: 0.081100 ms)

========================================================================
Received Prepare
Registering precompiled user dll's ...
Registered in 0.000646 seconds.
Begin MonoManager ReloadAssembly
Native extension for WindowsStandalone target not found
Refreshing native plugins compatible for Editor in 0.29 ms, found 1 plugins.
Preloading 0 native plugins for Editor in 0.00 ms.
Invoked RoslynAnalysisRunner static constructor.
RoslynAnalysisRunner will not be running.
RoslynAnalysisRunner has terminated.
Mono: successfully reloaded assembly
- Completed reload, in  0.661 seconds
Platform modules already initialized, skipping
Refreshing native plugins compatible for Editor in 0.27 ms, found 1 plugins.
Preloading 0 native plugins for Editor in 0.00 ms.
Unloading 1804 Unused Serialized files (Serialized files now loaded: 0)
System memory in use before: 89.5 MB.
System memory in use after: 89.5 MB.

Unloading 12 unused Assets to reduce memory usage. Loaded Objects now: 2335.
Total: 1.602500 ms (FindLiveObjects: 0.137800 ms CreateObjectMapping: 0.052600 ms MarkObjects: 1.330100 ms  DeleteObjects: 0.081200 ms)

========================================================================
Received Import Request.
  Time since last request: 254.232803 seconds.
  path: Assets/Scripts/PlayerLives.cs
  artifactKey: Guid(739492db7cddc344ea4d7d21c4efb1f4) Importer(815301076,1909f56bfc062723c751e8b465ee728b)
Start importing Assets/Scripts/PlayerLives.cs using Guid(739492db7cddc344ea4d7d21c4efb1f4) Importer(815301076,1909f56bfc062723c751e8b465ee728b)  -> (artifact id: '8f144d752a8bdeefcab2ff04274fd717') in 0.007302 seconds
  Import took 0.012460 seconds .

========================================================================
Received Prepare
Registering precompiled user dll's ...
Registered in 0.000798 seconds.
Begin MonoManager ReloadAssembly
Native extension for WindowsStandalone target not found
Refreshing native plugins compatible for Editor in 0.31 ms, found 1 plugins.
Preloading 0 native plugins for Editor in 0.00 ms.
Invoked RoslynAnalysisRunner static constructor.
RoslynAnalysisRunner will not be running.
RoslynAnalysisRunner has terminated.
Mono: successfully reloaded assembly
- Completed reload, in  0.750 seconds
Platform modules already initialized, skipping
Refreshing native plugins compatible for Editor in 0.30 ms, found 1 plugins.
Preloading 0 native plugins for Editor in 0.00 ms.
Unloading 1804 Unused Serialized files (Serialized files now loaded: 0)
System memory in use before: 89.7 MB.
System memory in use after: 89.7 MB.

Unloading 12 unused Assets to reduce memory usage. Loaded Objects now: 2338.
Total: 1.650200 ms (FindLiveObjects: 0.153800 ms CreateObjectMapping: 0.049500 ms MarkObjects: 1.353900 ms  DeleteObjects: 0.092000 ms)

========================================================================
Received Import Request.
  Time since last request: 27.431487 seconds.
  path: Assets/Scripts/PlayerLives.cs
  artifactKey: Guid(739492db7cddc344ea4d7d21c4efb1f4) Importer(815301076,1909f56bfc062723c751e8b465ee728b)
Start importing Assets/Scripts/PlayerLives.cs using Guid(739492db7cddc344ea4d7d21c4efb1f4) Importer(815301076,1909f56bfc062723c751e8b465ee728b)  -> (artifact id: 'c2ea5909db544c3b8d9b0f695854b5a9') in 0.003676 seconds
  Import took 0.006657 seconds .

========================================================================
Received Prepare
Registering precompiled user dll's ...
Registered in 0.001393 seconds.
Begin MonoManager ReloadAssembly
Native extension for WindowsStandalone target not found
Refreshing native plugins compatible for Editor in 0.27 ms, found 1 plugins.
Preloading 0 native plugins for Editor in 0.00 ms.
Invoked RoslynAnalysisRunner static constructor.
RoslynAnalysisRunner will not be running.
RoslynAnalysisRunner has terminated.
Mono: successfully reloaded assembly
- Completed reload, in  0.635 seconds
Platform modules already initialized, skipping
Refreshing native plugins compatible for Editor in 0.27 ms, found 1 plugins.
Preloading 0 native plugins for Editor in 0.00 ms.
Unloading 1804 Unused Serialized files (Serialized files now loaded: 0)
System memory in use before: 89.9 MB.
System memory in use after: 89.9 MB.

Unloading 12 unused Assets to reduce memory usage. Loaded Objects now: 2341.
Total: 1.589100 ms (FindLiveObjects: 0.144800 ms CreateObjectMapping: 0.046100 ms MarkObjects: 1.316200 ms  DeleteObjects: 0.081300 ms)

========================================================================
Received Prepare
Registering precompiled user dll's ...
Registered in 0.000880 seconds.
Begin MonoManager ReloadAssembly
Native extension for WindowsStandalone target not found
Refreshing native plugins compatible for Editor in 0.45 ms, found 1 plugins.
Preloading 0 native plugins for Editor in 0.00 ms.
Invoked RoslynAnalysisRunner static constructor.
RoslynAnalysisRunner will not be running.
RoslynAnalysisRunner has terminated.
Mono: successfully reloaded assembly
- Completed reload, in  0.794 seconds
Platform modules already initialized, skipping
Refreshing native plugins compatible for Editor in 0.34 ms, found 1 plugins.
Preloading 0 native plugins for Editor in 0.00 ms.
Unloading 1804 Unused Serialized files (Serialized files now loaded: 0)
System memory in use before: 90.1 MB.
System memory in use after: 90.1 MB.

Unloading 12 unused Assets to reduce memory usage. Loaded Objects now: 2344.
Total: 1.976700 ms (FindLiveObjects: 0.138100 ms CreateObjectMapping: 0.052900 ms MarkObjects: 1.658800 ms  DeleteObjects: 0.125800 ms)

========================================================================
Received Prepare
Registering precompiled user dll's ...
Registered in 0.000670 seconds.
Begin MonoManager ReloadAssembly
Native extension for WindowsStandalone target not found
Refreshing native plugins compatible for Editor in 0.29 ms, found 1 plugins.
Preloading 0 native plugins for Editor in 0.00 ms.
Invoked RoslynAnalysisRunner static constructor.
RoslynAnalysisRunner will not be running.
RoslynAnalysisRunner has terminated.
Mono: successfully reloaded assembly
- Completed reload, in  0.641 seconds
Platform modules already initialized, skipping
Refreshing native plugins compatible for Editor in 0.27 ms, found 1 plugins.
Preloading 0 native plugins for Editor in 0.00 ms.
Unloading 1804 Unused Serialized files (Serialized files now loaded: 0)
System memory in use before: 90.2 MB.
System memory in use after: 90.2 MB.

Unloading 12 unused Assets to reduce memory usage. Loaded Objects now: 2347.
Total: 1.681600 ms (FindLiveObjects: 0.136800 ms CreateObjectMapping: 0.052100 ms MarkObjects: 1.407700 ms  DeleteObjects: 0.084000 ms)

========================================================================
Received Prepare
Registering precompiled user dll's ...
Registered in 0.000884 seconds.
Begin MonoManager ReloadAssembly
Native extension for WindowsStandalone target not found
Refreshing native plugins compatible for Editor in 0.33 ms, found 1 plugins.
Preloading 0 native plugins for Editor in 0.00 ms.
Invoked RoslynAnalysisRunner static constructor.
RoslynAnalysisRunner will not be running.
RoslynAnalysisRunner has terminated.
Mono: successfully reloaded assembly
- Completed reload, in  0.665 seconds
Platform modules already initialized, skipping
Refreshing native plugins compatible for Editor in 0.27 ms, found 1 plugins.
Preloading 0 native plugins for Editor in 0.00 ms.
Unloading 1804 Unused Serialized files (Serialized files now loaded: 0)
System memory in use before: 89.5 MB.
System memory in use after: 89.5 MB.

Unloading 12 unused Assets to reduce memory usage. Loaded Objects now: 2350.
Total: 1.728000 ms (FindLiveObjects: 0.154200 ms CreateObjectMapping: 0.058700 ms MarkObjects: 1.429900 ms  DeleteObjects: 0.084300 ms)

========================================================================
Received Prepare
Registering precompiled user dll's ...
Registered in 0.001014 seconds.
Begin MonoManager ReloadAssembly
Native extension for WindowsStandalone target not found
Refreshing native plugins compatible for Editor in 0.46 ms, found 1 plugins.
Preloading 0 native plugins for Editor in 0.00 ms.
Invoked RoslynAnalysisRunner static constructor.
RoslynAnalysisRunner will not be running.
RoslynAnalysisRunner has terminated.
Mono: successfully reloaded assembly
- Completed reload, in  0.807 seconds
Platform modules already initialized, skipping
Refreshing native plugins compatible for Editor in 0.27 ms, found 1 plugins.
Preloading 0 native plugins for Editor in 0.00 ms.
Unloading 1804 Unused Serialized files (Serialized files now loaded: 0)
System memory in use before: 89.6 MB.
System memory in use after: 89.6 MB.

Unloading 12 unused Assets to reduce memory usage. Loaded Objects now: 2353.
Total: 2.109800 ms (FindLiveObjects: 0.210200 ms CreateObjectMapping: 0.072200 ms MarkObjects: 1.737100 ms  DeleteObjects: 0.088900 ms)

========================================================================
Received Prepare
Registering precompiled user dll's ...
Registered in 0.000619 seconds.
Begin MonoManager ReloadAssembly
Native extension for WindowsStandalone target not found
Refreshing native plugins compatible for Editor in 0.29 ms, found 1 plugins.
Preloading 0 native plugins for Editor in 0.00 ms.
Invoked RoslynAnalysisRunner static constructor.
RoslynAnalysisRunner will not be running.
RoslynAnalysisRunner has terminated.
Mono: successfully reloaded assembly
- Completed reload, in  0.636 seconds
Platform modules already initialized, skipping
Refreshing native plugins compatible for Editor in 0.31 ms, found 1 plugins.
Preloading 0 native plugins for Editor in 0.00 ms.
Unloading 1804 Unused Serialized files (Serialized files now loaded: 0)
System memory in use before: 89.8 MB.
System memory in use after: 89.8 MB.

Unloading 12 unused Assets to reduce memory usage. Loaded Objects now: 2356.
Total: 1.591600 ms (FindLiveObjects: 0.150100 ms CreateObjectMapping: 0.053100 ms MarkObjects: 1.300600 ms  DeleteObjects: 0.087000 ms)

========================================================================
Received Prepare
Registering precompiled user dll's ...
Registered in 0.000808 seconds.
Begin MonoManager ReloadAssembly
Native extension for WindowsStandalone target not found
Refreshing native plugins compatible for Editor in 0.28 ms, found 1 plugins.
Preloading 0 native plugins for Editor in 0.00 ms.
Invoked RoslynAnalysisRunner static constructor.
RoslynAnalysisRunner will not be running.
RoslynAnalysisRunner has terminated.
Mono: successfully reloaded assembly
- Completed reload, in  0.783 seconds
Platform modules already initialized, skipping
Refreshing native plugins compatible for Editor in 0.35 ms, found 1 plugins.
Preloading 0 native plugins for Editor in 0.00 ms.
Unloading 1804 Unused Serialized files (Serialized files now loaded: 0)
System memory in use before: 90.0 MB.
System memory in use after: 90.0 MB.

Unloading 12 unused Assets to reduce memory usage. Loaded Objects now: 2359.
Total: 1.734000 ms (FindLiveObjects: 0.148900 ms CreateObjectMapping: 0.058700 ms MarkObjects: 1.441300 ms  DeleteObjects: 0.084000 ms)

========================================================================
Received Prepare
Registering precompiled user dll's ...
Registered in 0.000630 seconds.
Begin MonoManager ReloadAssembly
Native extension for WindowsStandalone target not found
Refreshing native plugins compatible for Editor in 0.32 ms, found 1 plugins.
Preloading 0 native plugins for Editor in 0.00 ms.
Invoked RoslynAnalysisRunner static constructor.
RoslynAnalysisRunner will not be running.
RoslynAnalysisRunner has terminated.
Mono: successfully reloaded assembly
- Completed reload, in  0.643 seconds
Platform modules already initialized, skipping
Refreshing native plugins compatible for Editor in 0.26 ms, found 1 plugins.
Preloading 0 native plugins for Editor in 0.00 ms.
Unloading 1804 Unused Serialized files (Serialized files now loaded: 0)
System memory in use before: 90.2 MB.
System memory in use after: 90.2 MB.

Unloading 12 unused Assets to reduce memory usage. Loaded Objects now: 2362.
Total: 1.558500 ms (FindLiveObjects: 0.144400 ms CreateObjectMapping: 0.050700 ms MarkObjects: 1.283300 ms  DeleteObjects: 0.079500 ms)

========================================================================
Received Prepare
Registering precompiled user dll's ...
Registered in 0.000678 seconds.
Begin MonoManager ReloadAssembly
Native extension for WindowsStandalone target not found
Refreshing native plugins compatible for Editor in 0.29 ms, found 1 plugins.
Preloading 0 native plugins for Editor in 0.00 ms.
Invoked RoslynAnalysisRunner static constructor.
RoslynAnalysisRunner will not be running.
RoslynAnalysisRunner has terminated.
Mono: successfully reloaded assembly
- Completed reload, in  0.857 seconds
Platform modules already initialized, skipping
Refreshing native plugins compatible for Editor in 0.32 ms, found 1 plugins.
Preloading 0 native plugins for Editor in 0.00 ms.
Unloading 1804 Unused Serialized files (Serialized files now loaded: 0)
System memory in use before: 90.3 MB.
System memory in use after: 90.3 MB.

Unloading 12 unused Assets to reduce memory usage. Loaded Objects now: 2365.
Total: 1.901900 ms (FindLiveObjects: 0.139000 ms CreateObjectMapping: 0.066300 ms MarkObjects: 1.608800 ms  DeleteObjects: 0.086600 ms)

========================================================================
Received Prepare
Registering precompiled user dll's ...
Registered in 0.000664 seconds.
Begin MonoManager ReloadAssembly
Native extension for WindowsStandalone target not found
Refreshing native plugins compatible for Editor in 0.29 ms, found 1 plugins.
Preloading 0 native plugins for Editor in 0.00 ms.
Invoked RoslynAnalysisRunner static constructor.
RoslynAnalysisRunner will not be running.
RoslynAnalysisRunner has terminated.
Mono: successfully reloaded assembly
- Completed reload, in  0.640 seconds
Platform modules already initialized, skipping
Refreshing native plugins compatible for Editor in 0.36 ms, found 1 plugins.
Preloading 0 native plugins for Editor in 0.00 ms.
Unloading 1804 Unused Serialized files (Serialized files now loaded: 0)
System memory in use before: 89.6 MB.
System memory in use after: 89.6 MB.

Unloading 12 unused Assets to reduce memory usage. Loaded Objects now: 2368.
Total: 1.715100 ms (FindLiveObjects: 0.162300 ms CreateObjectMapping: 0.067200 ms MarkObjects: 1.397300 ms  DeleteObjects: 0.087300 ms)

========================================================================
Received Prepare
Registering precompiled user dll's ...
Registered in 0.000892 seconds.
Begin MonoManager ReloadAssembly
Native extension for WindowsStandalone target not found
Refreshing native plugins compatible for Editor in 0.28 ms, found 1 plugins.
Preloading 0 native plugins for Editor in 0.00 ms.
Invoked RoslynAnalysisRunner static constructor.
RoslynAnalysisRunner will not be running.
RoslynAnalysisRunner has terminated.
Mono: successfully reloaded assembly
- Completed reload, in  0.814 seconds
Platform modules already initialized, skipping
Refreshing native plugins compatible for Editor in 0.31 ms, found 1 plugins.
Preloading 0 native plugins for Editor in 0.00 ms.
Unloading 1804 Unused Serialized files (Serialized files now loaded: 0)
System memory in use before: 89.8 MB.
System memory in use after: 89.8 MB.

Unloading 12 unused Assets to reduce memory usage. Loaded Objects now: 2371.
Total: 2.172700 ms (FindLiveObjects: 0.219800 ms CreateObjectMapping: 0.060200 ms MarkObjects: 1.785200 ms  DeleteObjects: 0.106200 ms)

========================================================================
Received Import Request.
  Time since last request: 2281.013867 seconds.
  path: Assets/Prefabs/CoreGame/Level Complete Canvas.prefab
  artifactKey: Guid(abeb438accdb89342af626b22f995233) Importer(815301076,1909f56bfc062723c751e8b465ee728b)
Start importing Assets/Prefabs/CoreGame/Level Complete Canvas.prefab using Guid(abeb438accdb89342af626b22f995233) Importer(815301076,1909f56bfc062723c751e8b465ee728b)  -> (artifact id: '510d2ef7025f97f433527906b539a064') in 0.040676 seconds
  Import took 0.043563 seconds .

========================================================================
Received Import Request.
  Time since last request: 0.000339 seconds.
  path: Assets/Prefabs/CoreGame/LevelController.prefab
  artifactKey: Guid(c4e9abc828656d74899d8fe5cda4f292) Importer(815301076,1909f56bfc062723c751e8b465ee728b)
Start importing Assets/Prefabs/CoreGame/LevelController.prefab using Guid(c4e9abc828656d74899d8fe5cda4f292) Importer(815301076,1909f56bfc062723c751e8b465ee728b)  -> (artifact id: '92d01256d22490229b556179fe146b7b') in 0.007110 seconds
  Import took 0.009447 seconds .

========================================================================
Received Prepare
Registering precompiled user dll's ...
Registered in 0.000950 seconds.
Begin MonoManager ReloadAssembly
Native extension for WindowsStandalone target not found
Refreshing native plugins compatible for Editor in 0.44 ms, found 1 plugins.
Preloading 0 native plugins for Editor in 0.00 ms.
Invoked RoslynAnalysisRunner static constructor.
RoslynAnalysisRunner will not be running.
RoslynAnalysisRunner has terminated.
Mono: successfully reloaded assembly
- Completed reload, in  0.709 seconds
Platform modules already initialized, skipping
Refreshing native plugins compatible for Editor in 0.27 ms, found 1 plugins.
Preloading 0 native plugins for Editor in 0.00 ms.
Unloading 1804 Unused Serialized files (Serialized files now loaded: 0)
System memory in use before: 89.9 MB.
System memory in use after: 89.9 MB.

Unloading 13 unused Assets to reduce memory usage. Loaded Objects now: 2374.
Total: 1.691300 ms (FindLiveObjects: 0.216800 ms CreateObjectMapping: 0.060600 ms MarkObjects: 1.321600 ms  DeleteObjects: 0.091100 ms)

========================================================================
Received Import Request.
  Time since last request: 347.321784 seconds.
  path: Assets/Scenes/Level 1.unity
  artifactKey: Guid(d89c9f514908abf4692d236c86500421) Importer(815301076,1909f56bfc062723c751e8b465ee728b)
Start importing Assets/Scenes/Level 1.unity using Guid(d89c9f514908abf4692d236c86500421) Importer(815301076,1909f56bfc062723c751e8b465ee728b)  -> (artifact id: '137d9f0611d837b9a423b4a0f0892b37') in 0.008975 seconds
  Import took 0.011376 seconds .

========================================================================
Received Import Request.
  Time since last request: 3.338917 seconds.
  path: Assets/Scenes/Start Screen 1.unity
  artifactKey: Guid(727e76dc7332a8d438f572c83da4a1c7) Importer(815301076,1909f56bfc062723c751e8b465ee728b)
Start importing Assets/Scenes/Start Screen 1.unity using Guid(727e76dc7332a8d438f572c83da4a1c7) Importer(815301076,1909f56bfc062723c751e8b465ee728b)  -> (artifact id: 'f0116c02e5aa04431ef0dceecb3a3313') in 0.006997 seconds
  Import took 0.009372 seconds .

========================================================================
Received Prepare
Registering precompiled user dll's ...
Registered in 0.001059 seconds.
Begin MonoManager ReloadAssembly
Native extension for WindowsStandalone target not found
Refreshing native plugins compatible for Editor in 0.30 ms, found 1 plugins.
Preloading 0 native plugins for Editor in 0.00 ms.
Invoked RoslynAnalysisRunner static constructor.
RoslynAnalysisRunner will not be running.
RoslynAnalysisRunner has terminated.
Mono: successfully reloaded assembly
- Completed reload, in  0.706 seconds
Platform modules already initialized, skipping
Refreshing native plugins compatible for Editor in 0.27 ms, found 1 plugins.
Preloading 0 native plugins for Editor in 0.00 ms.
Unloading 1804 Unused Serialized files (Serialized files now loaded: 0)
System memory in use before: 90.1 MB.
System memory in use after: 90.1 MB.

Unloading 12 unused Assets to reduce memory usage. Loaded Objects now: 2377.
Total: 2.141500 ms (FindLiveObjects: 0.270300 ms CreateObjectMapping: 0.091400 ms MarkObjects: 1.635600 ms  DeleteObjects: 0.142800 ms)

========================================================================
Received Prepare
Registering precompiled user dll's ...
Registered in 0.000588 seconds.
Begin MonoManager ReloadAssembly
Native extension for WindowsStandalone target not found
Refreshing native plugins compatible for Editor in 0.27 ms, found 1 plugins.
Preloading 0 native plugins for Editor in 0.00 ms.
Invoked RoslynAnalysisRunner static constructor.
RoslynAnalysisRunner will not be running.
RoslynAnalysisRunner has terminated.
Mono: successfully reloaded assembly
- Completed reload, in  0.643 seconds
Platform modules already initialized, skipping
Refreshing native plugins compatible for Editor in 0.28 ms, found 1 plugins.
Preloading 0 native plugins for Editor in 0.00 ms.
Unloading 1804 Unused Serialized files (Serialized files now loaded: 0)
System memory in use before: 90.3 MB.
System memory in use after: 90.3 MB.

Unloading 12 unused Assets to reduce memory usage. Loaded Objects now: 2380.
Total: 1.728200 ms (FindLiveObjects: 0.204700 ms CreateObjectMapping: 0.090900 ms MarkObjects: 1.345200 ms  DeleteObjects: 0.086600 ms)

========================================================================
Received Import Request.
  Time since last request: 3052.555284 seconds.
  path: Assets/Scenes/Start Screen 1.unity
  artifactKey: Guid(727e76dc7332a8d438f572c83da4a1c7) Importer(815301076,1909f56bfc062723c751e8b465ee728b)
Start importing Assets/Scenes/Start Screen 1.unity using Guid(727e76dc7332a8d438f572c83da4a1c7) Importer(815301076,1909f56bfc062723c751e8b465ee728b)  -> (artifact id: '25128c1029c27d0531bac8f8ff7ab2d5') in 0.008834 seconds
  Import took 0.011665 seconds .

========================================================================
Received Import Request.
  Time since last request: 5.983685 seconds.
  path: Assets/Scenes/Start Screen.unity
  artifactKey: Guid(727e76dc7332a8d438f572c83da4a1c7) Importer(815301076,1909f56bfc062723c751e8b465ee728b)
Start importing Assets/Scenes/Start Screen.unity using Guid(727e76dc7332a8d438f572c83da4a1c7) Importer(815301076,1909f56bfc062723c751e8b465ee728b)  -> (artifact id: '46eb133f149e2b2bc2583e429245eac1') in 0.005787 seconds
  Import took 0.010090 seconds .

========================================================================
Received Prepare
Registering precompiled user dll's ...
Registered in 0.000727 seconds.
Begin MonoManager ReloadAssembly
Native extension for WindowsStandalone target not found
Refreshing native plugins compatible for Editor in 0.40 ms, found 1 plugins.
Preloading 0 native plugins for Editor in 0.00 ms.
Invoked RoslynAnalysisRunner static constructor.
RoslynAnalysisRunner will not be running.
RoslynAnalysisRunner has terminated.
Mono: successfully reloaded assembly
- Completed reload, in  0.706 seconds
Platform modules already initialized, skipping
Refreshing native plugins compatible for Editor in 0.27 ms, found 1 plugins.
Preloading 0 native plugins for Editor in 0.00 ms.
Unloading 1804 Unused Serialized files (Serialized files now loaded: 0)
System memory in use before: 89.5 MB.
System memory in use after: 89.5 MB.

Unloading 12 unused Assets to reduce memory usage. Loaded Objects now: 2383.
Total: 1.768000 ms (FindLiveObjects: 0.168500 ms CreateObjectMapping: 0.057500 ms MarkObjects: 1.460100 ms  DeleteObjects: 0.081200 ms)

AssetImportWorkerClient::OnTransportError - code=2 error=End of file
